Analysis & Synthesis report for mcu
Fri Nov 25 18:41:09 2022
Quartus II 64-Bit Version 13.1.0 Build 162 10/23/2013 SJ Web Edition


---------------------
; Table of Contents ;
---------------------
  1. Legal Notice
  2. Analysis & Synthesis Summary
  3. Analysis & Synthesis Settings
  4. Parallel Compilation
  5. Analysis & Synthesis Source Files Read
  6. Analysis & Synthesis Resource Usage Summary
  7. Analysis & Synthesis Resource Utilization by Entity
  8. Analysis & Synthesis RAM Summary
  9. State Machine - |mcu|cpu:cpu_test|ps
 10. Registers Removed During Synthesis
 11. General Register Statistics
 12. Registers Added for RAM Pass-Through Logic
 13. Multiplexer Restructuring Statistics (Restructuring Performed)
 14. Source assignments for cpu:cpu_test|single_port_ram_128x8:RAM_unit|altsyncram:ram_rtl_0|altsyncram_v8c1:auto_generated
 15. Parameter Settings for User Entity Instance: cpu:cpu_test
 16. Parameter Settings for Inferred Entity Instance: cpu:cpu_test|single_port_ram_128x8:RAM_unit|altsyncram:ram_rtl_0
 17. altsyncram Parameter Settings by Entity Instance
 18. Elapsed Time Per Partition
 19. Analysis & Synthesis Messages
 20. Analysis & Synthesis Suppressed Messages



----------------
; Legal Notice ;
----------------
Copyright (C) 1991-2013 Altera Corporation
Your use of Altera Corporation's design tools, logic functions 
and other software and tools, and its AMPP partner logic 
functions, and any output files from any of the foregoing 
(including device programming or simulation files), and any 
associated documentation or information are expressly subject 
to the terms and conditions of the Altera Program License 
Subscription Agreement, Altera MegaCore Function License 
Agreement, or other applicable license agreement, including, 
without limitation, that your use is for the sole purpose of 
programming logic devices manufactured by Altera and sold by 
Altera or its authorized distributors.  Please refer to the 
applicable agreement for further details.



+---------------------------------------------------------------------------------+
; Analysis & Synthesis Summary                                                    ;
+------------------------------------+--------------------------------------------+
; Analysis & Synthesis Status        ; Successful - Fri Nov 25 18:41:09 2022      ;
; Quartus II 64-Bit Version          ; 13.1.0 Build 162 10/23/2013 SJ Web Edition ;
; Revision Name                      ; mcu                                        ;
; Top-level Entity Name              ; mcu                                        ;
; Family                             ; Cyclone III                                ;
; Total logic elements               ; 217                                        ;
;     Total combinational functions  ; 208                                        ;
;     Dedicated logic registers      ; 64                                         ;
; Total registers                    ; 64                                         ;
; Total pins                         ; 52                                         ;
; Total virtual pins                 ; 0                                          ;
; Total memory bits                  ; 512                                        ;
; Embedded Multiplier 9-bit elements ; 0                                          ;
; Total PLLs                         ; 0                                          ;
+------------------------------------+--------------------------------------------+


+----------------------------------------------------------------------------------------------------------------------+
; Analysis & Synthesis Settings                                                                                        ;
+----------------------------------------------------------------------------+--------------------+--------------------+
; Option                                                                     ; Setting            ; Default Value      ;
+----------------------------------------------------------------------------+--------------------+--------------------+
; Device                                                                     ; EP3C16F484C6       ;                    ;
; Top-level entity name                                                      ; mcu                ; mcu                ;
; Family name                                                                ; Cyclone III        ; Cyclone IV GX      ;
; Use smart compilation                                                      ; Off                ; Off                ;
; Enable parallel Assembler and TimeQuest Timing Analyzer during compilation ; On                 ; On                 ;
; Enable compact report table                                                ; Off                ; Off                ;
; Restructure Multiplexers                                                   ; Auto               ; Auto               ;
; Create Debugging Nodes for IP Cores                                        ; Off                ; Off                ;
; Preserve fewer node names                                                  ; On                 ; On                 ;
; Disable OpenCore Plus hardware evaluation                                  ; Off                ; Off                ;
; Verilog Version                                                            ; Verilog_2001       ; Verilog_2001       ;
; VHDL Version                                                               ; VHDL_1993          ; VHDL_1993          ;
; State Machine Processing                                                   ; Auto               ; Auto               ;
; Safe State Machine                                                         ; Off                ; Off                ;
; Extract Verilog State Machines                                             ; On                 ; On                 ;
; Extract VHDL State Machines                                                ; On                 ; On                 ;
; Ignore Verilog initial constructs                                          ; Off                ; Off                ;
; Iteration limit for constant Verilog loops                                 ; 5000               ; 5000               ;
; Iteration limit for non-constant Verilog loops                             ; 250                ; 250                ;
; Add Pass-Through Logic to Inferred RAMs                                    ; On                 ; On                 ;
; Infer RAMs from Raw Logic                                                  ; On                 ; On                 ;
; Parallel Synthesis                                                         ; On                 ; On                 ;
; DSP Block Balancing                                                        ; Auto               ; Auto               ;
; NOT Gate Push-Back                                                         ; On                 ; On                 ;
; Power-Up Don't Care                                                        ; On                 ; On                 ;
; Remove Redundant Logic Cells                                               ; Off                ; Off                ;
; Remove Duplicate Registers                                                 ; On                 ; On                 ;
; Ignore CARRY Buffers                                                       ; Off                ; Off                ;
; Ignore CASCADE Buffers                                                     ; Off                ; Off                ;
; Ignore GLOBAL Buffers                                                      ; Off                ; Off                ;
; Ignore ROW GLOBAL Buffers                                                  ; Off                ; Off                ;
; Ignore LCELL Buffers                                                       ; Off                ; Off                ;
; Ignore SOFT Buffers                                                        ; On                 ; On                 ;
; Limit AHDL Integers to 32 Bits                                             ; Off                ; Off                ;
; Optimization Technique                                                     ; Balanced           ; Balanced           ;
; Carry Chain Length                                                         ; 70                 ; 70                 ;
; Auto Carry Chains                                                          ; On                 ; On                 ;
; Auto Open-Drain Pins                                                       ; On                 ; On                 ;
; Perform WYSIWYG Primitive Resynthesis                                      ; Off                ; Off                ;
; Auto ROM Replacement                                                       ; On                 ; On                 ;
; Auto RAM Replacement                                                       ; On                 ; On                 ;
; Auto DSP Block Replacement                                                 ; On                 ; On                 ;
; Auto Shift Register Replacement                                            ; Auto               ; Auto               ;
; Allow Shift Register Merging across Hierarchies                            ; Auto               ; Auto               ;
; Auto Clock Enable Replacement                                              ; On                 ; On                 ;
; Strict RAM Replacement                                                     ; Off                ; Off                ;
; Allow Synchronous Control Signals                                          ; On                 ; On                 ;
; Force Use of Synchronous Clear Signals                                     ; Off                ; Off                ;
; Auto RAM Block Balancing                                                   ; On                 ; On                 ;
; Auto RAM to Logic Cell Conversion                                          ; Off                ; Off                ;
; Auto Resource Sharing                                                      ; Off                ; Off                ;
; Allow Any RAM Size For Recognition                                         ; Off                ; Off                ;
; Allow Any ROM Size For Recognition                                         ; Off                ; Off                ;
; Allow Any Shift Register Size For Recognition                              ; Off                ; Off                ;
; Use LogicLock Constraints during Resource Balancing                        ; On                 ; On                 ;
; Ignore translate_off and synthesis_off directives                          ; Off                ; Off                ;
; Timing-Driven Synthesis                                                    ; On                 ; On                 ;
; Report Parameter Settings                                                  ; On                 ; On                 ;
; Report Source Assignments                                                  ; On                 ; On                 ;
; Report Connectivity Checks                                                 ; On                 ; On                 ;
; Ignore Maximum Fan-Out Assignments                                         ; Off                ; Off                ;
; Synchronization Register Chain Length                                      ; 2                  ; 2                  ;
; PowerPlay Power Optimization                                               ; Normal compilation ; Normal compilation ;
; HDL message level                                                          ; Level2             ; Level2             ;
; Suppress Register Optimization Related Messages                            ; Off                ; Off                ;
; Number of Removed Registers Reported in Synthesis Report                   ; 5000               ; 5000               ;
; Number of Swept Nodes Reported in Synthesis Report                         ; 5000               ; 5000               ;
; Number of Inverted Registers Reported in Synthesis Report                  ; 100                ; 100                ;
; Clock MUX Protection                                                       ; On                 ; On                 ;
; Auto Gated Clock Conversion                                                ; Off                ; Off                ;
; Block Design Naming                                                        ; Auto               ; Auto               ;
; SDC constraint protection                                                  ; Off                ; Off                ;
; Synthesis Effort                                                           ; Auto               ; Auto               ;
; Shift Register Replacement - Allow Asynchronous Clear Signal               ; On                 ; On                 ;
; Pre-Mapping Resynthesis Optimization                                       ; Off                ; Off                ;
; Analysis & Synthesis Message Level                                         ; Medium             ; Medium             ;
; Disable Register Merging Across Hierarchies                                ; Auto               ; Auto               ;
; Resource Aware Inference For Block RAM                                     ; On                 ; On                 ;
; Synthesis Seed                                                             ; 1                  ; 1                  ;
+----------------------------------------------------------------------------+--------------------+--------------------+


Parallel compilation was disabled, but you have multiple processors available. Enable parallel compilation to reduce compilation time.
+-------------------------------------+
; Parallel Compilation                ;
+----------------------------+--------+
; Processors                 ; Number ;
+----------------------------+--------+
; Number detected on machine ; 8      ;
; Maximum allowed            ; 1      ;
+----------------------------+--------+


+--------------------------------------------------------------------------------------------------------------------------------------------------------------------+
; Analysis & Synthesis Source Files Read                                                                                                                             ;
+----------------------------------+-----------------+------------------------------+----------------------------------------------------------------------+---------+
; File Name with User-Entered Path ; Used in Netlist ; File Type                    ; File Name with Absolute Path                                         ; Library ;
+----------------------------------+-----------------+------------------------------+----------------------------------------------------------------------+---------+
; design/single_port_ram_128x8.sv  ; yes             ; User SystemVerilog HDL File  ; D:/code/Program_sv/HW9_class/design/single_port_ram_128x8.sv         ;         ;
; design/Program_Rom.sv            ; yes             ; User SystemVerilog HDL File  ; D:/code/Program_sv/HW9_class/design/Program_Rom.sv                   ;         ;
; design/cpu.sv                    ; yes             ; User SystemVerilog HDL File  ; D:/code/Program_sv/HW9_class/design/cpu.sv                           ;         ;
; design/mcu.sv                    ; yes             ; User SystemVerilog HDL File  ; D:/code/Program_sv/HW9_class/design/mcu.sv                           ;         ;
; altsyncram.tdf                   ; yes             ; Megafunction                 ; d:/altera/13.1/quartus/libraries/megafunctions/altsyncram.tdf        ;         ;
; stratix_ram_block.inc            ; yes             ; Megafunction                 ; d:/altera/13.1/quartus/libraries/megafunctions/stratix_ram_block.inc ;         ;
; lpm_mux.inc                      ; yes             ; Megafunction                 ; d:/altera/13.1/quartus/libraries/megafunctions/lpm_mux.inc           ;         ;
; lpm_decode.inc                   ; yes             ; Megafunction                 ; d:/altera/13.1/quartus/libraries/megafunctions/lpm_decode.inc        ;         ;
; aglobal131.inc                   ; yes             ; Megafunction                 ; d:/altera/13.1/quartus/libraries/megafunctions/aglobal131.inc        ;         ;
; a_rdenreg.inc                    ; yes             ; Megafunction                 ; d:/altera/13.1/quartus/libraries/megafunctions/a_rdenreg.inc         ;         ;
; altrom.inc                       ; yes             ; Megafunction                 ; d:/altera/13.1/quartus/libraries/megafunctions/altrom.inc            ;         ;
; altram.inc                       ; yes             ; Megafunction                 ; d:/altera/13.1/quartus/libraries/megafunctions/altram.inc            ;         ;
; altdpram.inc                     ; yes             ; Megafunction                 ; d:/altera/13.1/quartus/libraries/megafunctions/altdpram.inc          ;         ;
; db/altsyncram_v8c1.tdf           ; yes             ; Auto-Generated Megafunction  ; D:/code/Program_sv/HW9_class/db/altsyncram_v8c1.tdf                  ;         ;
+----------------------------------+-----------------+------------------------------+----------------------------------------------------------------------+---------+


+------------------------------------------------------------+
; Analysis & Synthesis Resource Usage Summary                ;
+---------------------------------------------+--------------+
; Resource                                    ; Usage        ;
+---------------------------------------------+--------------+
; Estimated Total logic elements              ; 217          ;
;                                             ;              ;
; Total combinational functions               ; 208          ;
; Logic element usage by number of LUT inputs ;              ;
;     -- 4 input functions                    ; 118          ;
;     -- 3 input functions                    ; 35           ;
;     -- <=2 input functions                  ; 55           ;
;                                             ;              ;
; Logic elements by mode                      ;              ;
;     -- normal mode                          ; 190          ;
;     -- arithmetic mode                      ; 18           ;
;                                             ;              ;
; Total registers                             ; 64           ;
;     -- Dedicated logic registers            ; 64           ;
;     -- I/O registers                        ; 0            ;
;                                             ;              ;
; I/O pins                                    ; 52           ;
; Total memory bits                           ; 512          ;
; Embedded Multiplier 9-bit elements          ; 0            ;
; Maximum fan-out node                        ; BTN[1]~input ;
; Maximum fan-out                             ; 72           ;
; Total fan-out                               ; 1016         ;
; Average fan-out                             ; 2.65         ;
+---------------------------------------------+--------------+


+--------------------------------------------------------------------------------------------------------------------------------------------------------------------------------------------------------------------------------------------------------------------------------+
; Analysis & Synthesis Resource Utilization by Entity                                                                                                                                                                                                                            ;
+----------------------------------------------+-------------------+--------------+-------------+--------------+---------+-----------+------+--------------+------------------------------------------------------------------------------------------------------+--------------+
; Compilation Hierarchy Node                   ; LC Combinationals ; LC Registers ; Memory Bits ; DSP Elements ; DSP 9x9 ; DSP 18x18 ; Pins ; Virtual Pins ; Full Hierarchy Name                                                                                  ; Library Name ;
+----------------------------------------------+-------------------+--------------+-------------+--------------+---------+-----------+------+--------------+------------------------------------------------------------------------------------------------------+--------------+
; |mcu                                         ; 208 (1)           ; 64 (0)       ; 512         ; 0            ; 0       ; 0         ; 52   ; 0            ; |mcu                                                                                                 ; work         ;
;    |cpu:cpu_test|                            ; 207 (184)         ; 64 (47)      ; 512         ; 0            ; 0       ; 0         ; 0    ; 0            ; |mcu|cpu:cpu_test                                                                                    ; work         ;
;       |Program_Rom:ROM_unit|                 ; 20 (20)           ; 0 (0)        ; 0           ; 0            ; 0       ; 0         ; 0    ; 0            ; |mcu|cpu:cpu_test|Program_Rom:ROM_unit                                                               ; work         ;
;       |single_port_ram_128x8:RAM_unit|       ; 3 (3)             ; 17 (17)      ; 512         ; 0            ; 0       ; 0         ; 0    ; 0            ; |mcu|cpu:cpu_test|single_port_ram_128x8:RAM_unit                                                     ; work         ;
;          |altsyncram:ram_rtl_0|              ; 0 (0)             ; 0 (0)        ; 512         ; 0            ; 0       ; 0         ; 0    ; 0            ; |mcu|cpu:cpu_test|single_port_ram_128x8:RAM_unit|altsyncram:ram_rtl_0                                ; work         ;
;             |altsyncram_v8c1:auto_generated| ; 0 (0)             ; 0 (0)        ; 512         ; 0            ; 0       ; 0         ; 0    ; 0            ; |mcu|cpu:cpu_test|single_port_ram_128x8:RAM_unit|altsyncram:ram_rtl_0|altsyncram_v8c1:auto_generated ; work         ;
+----------------------------------------------+-------------------+--------------+-------------+--------------+---------+-----------+------+--------------+------------------------------------------------------------------------------------------------------+--------------+
Note: For table entries with two numbers listed, the numbers in parentheses indicate the number of resources of the given type used by the specific entity alone. The numbers listed outside of parentheses indicate the total resources of the given type used by the specific entity and all of its sub-entities in the hierarchy.


+----------------------------------------------------------------------------------------------------------------------------------------------------------------------------------------------------------------+
; Analysis & Synthesis RAM Summary                                                                                                                                                                               ;
+------------------------------------------------------------------------------------------------------------+------+------------------+--------------+--------------+--------------+--------------+------+------+
; Name                                                                                                       ; Type ; Mode             ; Port A Depth ; Port A Width ; Port B Depth ; Port B Width ; Size ; MIF  ;
+------------------------------------------------------------------------------------------------------------+------+------------------+--------------+--------------+--------------+--------------+------+------+
; cpu:cpu_test|single_port_ram_128x8:RAM_unit|altsyncram:ram_rtl_0|altsyncram_v8c1:auto_generated|ALTSYNCRAM ; AUTO ; Simple Dual Port ; 64           ; 8            ; 64           ; 8            ; 512  ; None ;
+------------------------------------------------------------------------------------------------------------+------+------------------+--------------+--------------+--------------+--------------+------+------+


Encoding Type:  One-Hot
+-------------------------------------------------------------------+
; State Machine - |mcu|cpu:cpu_test|ps                              ;
+---------+-------+-------+-------+-------+-------+-------+---------+
; Name    ; ps.T6 ; ps.T5 ; ps.T4 ; ps.T3 ; ps.T2 ; ps.T1 ; ps.0000 ;
+---------+-------+-------+-------+-------+-------+-------+---------+
; ps.0000 ; 0     ; 0     ; 0     ; 0     ; 0     ; 0     ; 0       ;
; ps.T1   ; 0     ; 0     ; 0     ; 0     ; 0     ; 1     ; 1       ;
; ps.T2   ; 0     ; 0     ; 0     ; 0     ; 1     ; 0     ; 1       ;
; ps.T3   ; 0     ; 0     ; 0     ; 1     ; 0     ; 0     ; 1       ;
; ps.T4   ; 0     ; 0     ; 1     ; 0     ; 0     ; 0     ; 1       ;
; ps.T5   ; 0     ; 1     ; 0     ; 0     ; 0     ; 0     ; 1       ;
; ps.T6   ; 1     ; 0     ; 0     ; 0     ; 0     ; 0     ; 1       ;
+---------+-------+-------+-------+-------+-------+-------+---------+


+--------------------------------------------------------------------------------------------------------------+
; Registers Removed During Synthesis                                                                           ;
+---------------------------------------------------------------------+----------------------------------------+
; Register name                                                       ; Reason for Removal                     ;
+---------------------------------------------------------------------+----------------------------------------+
; cpu:cpu_test|ir_q[3,4]                                              ; Merged with cpu:cpu_test|ir_q[6]       ;
; cpu:cpu_test|ir_q[13]                                               ; Merged with cpu:cpu_test|ir_q[12]      ;
; cpu:cpu_test|ir_q[6]                                                ; Stuck at GND due to stuck port data_in ;
; cpu:cpu_test|single_port_ram_128x8:RAM_unit|ram_rtl_0_bypass[7..10] ; Stuck at GND due to stuck port data_in ;
; cpu:cpu_test|ps~2                                                   ; Lost fanout                            ;
; cpu:cpu_test|ps~3                                                   ; Lost fanout                            ;
; cpu:cpu_test|ps~4                                                   ; Lost fanout                            ;
; cpu:cpu_test|ps~5                                                   ; Lost fanout                            ;
; Total Number of Removed Registers = 12                              ;                                        ;
+---------------------------------------------------------------------+----------------------------------------+


+------------------------------------------------------+
; General Register Statistics                          ;
+----------------------------------------------+-------+
; Statistic                                    ; Value ;
+----------------------------------------------+-------+
; Total registers                              ; 64    ;
; Number of registers using Synchronous Clear  ; 12    ;
; Number of registers using Synchronous Load   ; 0     ;
; Number of registers using Asynchronous Clear ; 0     ;
; Number of registers using Asynchronous Load  ; 0     ;
; Number of registers using Clock Enable       ; 36    ;
; Number of registers using Preset             ; 0     ;
+----------------------------------------------+-------+


+--------------------------------------------------------------------------------------------------------------------------+
; Registers Added for RAM Pass-Through Logic                                                                               ;
+------------------------------------------------------------------+-------------------------------------------------------+
; Register Name                                                    ; RAM Name                                              ;
+------------------------------------------------------------------+-------------------------------------------------------+
; cpu:cpu_test|single_port_ram_128x8:RAM_unit|ram_rtl_0_bypass[0]  ; cpu:cpu_test|single_port_ram_128x8:RAM_unit|ram_rtl_0 ;
; cpu:cpu_test|single_port_ram_128x8:RAM_unit|ram_rtl_0_bypass[1]  ; cpu:cpu_test|single_port_ram_128x8:RAM_unit|ram_rtl_0 ;
; cpu:cpu_test|single_port_ram_128x8:RAM_unit|ram_rtl_0_bypass[2]  ; cpu:cpu_test|single_port_ram_128x8:RAM_unit|ram_rtl_0 ;
; cpu:cpu_test|single_port_ram_128x8:RAM_unit|ram_rtl_0_bypass[3]  ; cpu:cpu_test|single_port_ram_128x8:RAM_unit|ram_rtl_0 ;
; cpu:cpu_test|single_port_ram_128x8:RAM_unit|ram_rtl_0_bypass[4]  ; cpu:cpu_test|single_port_ram_128x8:RAM_unit|ram_rtl_0 ;
; cpu:cpu_test|single_port_ram_128x8:RAM_unit|ram_rtl_0_bypass[5]  ; cpu:cpu_test|single_port_ram_128x8:RAM_unit|ram_rtl_0 ;
; cpu:cpu_test|single_port_ram_128x8:RAM_unit|ram_rtl_0_bypass[6]  ; cpu:cpu_test|single_port_ram_128x8:RAM_unit|ram_rtl_0 ;
; cpu:cpu_test|single_port_ram_128x8:RAM_unit|ram_rtl_0_bypass[7]  ; cpu:cpu_test|single_port_ram_128x8:RAM_unit|ram_rtl_0 ;
; cpu:cpu_test|single_port_ram_128x8:RAM_unit|ram_rtl_0_bypass[8]  ; cpu:cpu_test|single_port_ram_128x8:RAM_unit|ram_rtl_0 ;
; cpu:cpu_test|single_port_ram_128x8:RAM_unit|ram_rtl_0_bypass[9]  ; cpu:cpu_test|single_port_ram_128x8:RAM_unit|ram_rtl_0 ;
; cpu:cpu_test|single_port_ram_128x8:RAM_unit|ram_rtl_0_bypass[10] ; cpu:cpu_test|single_port_ram_128x8:RAM_unit|ram_rtl_0 ;
; cpu:cpu_test|single_port_ram_128x8:RAM_unit|ram_rtl_0_bypass[11] ; cpu:cpu_test|single_port_ram_128x8:RAM_unit|ram_rtl_0 ;
; cpu:cpu_test|single_port_ram_128x8:RAM_unit|ram_rtl_0_bypass[12] ; cpu:cpu_test|single_port_ram_128x8:RAM_unit|ram_rtl_0 ;
; cpu:cpu_test|single_port_ram_128x8:RAM_unit|ram_rtl_0_bypass[13] ; cpu:cpu_test|single_port_ram_128x8:RAM_unit|ram_rtl_0 ;
; cpu:cpu_test|single_port_ram_128x8:RAM_unit|ram_rtl_0_bypass[14] ; cpu:cpu_test|single_port_ram_128x8:RAM_unit|ram_rtl_0 ;
; cpu:cpu_test|single_port_ram_128x8:RAM_unit|ram_rtl_0_bypass[15] ; cpu:cpu_test|single_port_ram_128x8:RAM_unit|ram_rtl_0 ;
; cpu:cpu_test|single_port_ram_128x8:RAM_unit|ram_rtl_0_bypass[16] ; cpu:cpu_test|single_port_ram_128x8:RAM_unit|ram_rtl_0 ;
; cpu:cpu_test|single_port_ram_128x8:RAM_unit|ram_rtl_0_bypass[17] ; cpu:cpu_test|single_port_ram_128x8:RAM_unit|ram_rtl_0 ;
; cpu:cpu_test|single_port_ram_128x8:RAM_unit|ram_rtl_0_bypass[18] ; cpu:cpu_test|single_port_ram_128x8:RAM_unit|ram_rtl_0 ;
; cpu:cpu_test|single_port_ram_128x8:RAM_unit|ram_rtl_0_bypass[19] ; cpu:cpu_test|single_port_ram_128x8:RAM_unit|ram_rtl_0 ;
; cpu:cpu_test|single_port_ram_128x8:RAM_unit|ram_rtl_0_bypass[20] ; cpu:cpu_test|single_port_ram_128x8:RAM_unit|ram_rtl_0 ;
+------------------------------------------------------------------+-------------------------------------------------------+


+---------------------------------------------------------------------------------------------------------------------------------------------+
; Multiplexer Restructuring Statistics (Restructuring Performed)                                                                              ;
+--------------------+-----------+---------------+----------------------+------------------------+------------+-------------------------------+
; Multiplexer Inputs ; Bus Width ; Baseline Area ; Area if Restructured ; Saving if Restructured ; Registered ; Example Multiplexer Output    ;
+--------------------+-----------+---------------+----------------------+------------------------+------------+-------------------------------+
; 3:1                ; 11 bits   ; 22 LEs        ; 11 LEs               ; 11 LEs                 ; Yes        ; |mcu|cpu:cpu_test|mar_q[7]    ;
; 3:1                ; 11 bits   ; 22 LEs        ; 11 LEs               ; 11 LEs                 ; Yes        ; |mcu|cpu:cpu_test|pc_q[6]     ;
; 3:1                ; 6 bits    ; 12 LEs        ; 6 LEs                ; 6 LEs                  ; Yes        ; |mcu|cpu:cpu_test|ir_q[12]    ;
; 3:1                ; 8 bits    ; 16 LEs        ; 8 LEs                ; 8 LEs                  ; Yes        ; |mcu|cpu:cpu_test|w_q[2]      ;
; 3:1                ; 4 bits    ; 8 LEs         ; 8 LEs                ; 0 LEs                  ; No         ; |mcu|cpu:cpu_test|ir_q        ;
; 3:1                ; 3 bits    ; 6 LEs         ; 6 LEs                ; 0 LEs                  ; No         ; |mcu|cpu:cpu_test|mux1_out[6] ;
; 3:1                ; 5 bits    ; 10 LEs        ; 10 LEs               ; 0 LEs                  ; No         ; |mcu|cpu:cpu_test|mux1_out[0] ;
; 257:1              ; 2 bits    ; 342 LEs       ; 72 LEs               ; 270 LEs                ; No         ; |mcu|cpu:cpu_test|op.0000     ;
; 12:1               ; 8 bits    ; 64 LEs        ; 8 LEs                ; 56 LEs                 ; No         ; |mcu|cpu:cpu_test|Add1        ;
; 15:1               ; 8 bits    ; 80 LEs        ; 32 LEs               ; 48 LEs                 ; No         ; |mcu|cpu:cpu_test|Selector5   ;
+--------------------+-----------+---------------+----------------------+------------------------+------------+-------------------------------+


+------------------------------------------------------------------------------------------------------------------------+
; Source assignments for cpu:cpu_test|single_port_ram_128x8:RAM_unit|altsyncram:ram_rtl_0|altsyncram_v8c1:auto_generated ;
+---------------------------------+--------------------+------+----------------------------------------------------------+
; Assignment                      ; Value              ; From ; To                                                       ;
+---------------------------------+--------------------+------+----------------------------------------------------------+
; OPTIMIZE_POWER_DURING_SYNTHESIS ; NORMAL_COMPILATION ; -    ; -                                                        ;
+---------------------------------+--------------------+------+----------------------------------------------------------+


+-----------------------------------------------------------+
; Parameter Settings for User Entity Instance: cpu:cpu_test ;
+----------------+-------+----------------------------------+
; Parameter Name ; Value ; Type                             ;
+----------------+-------+----------------------------------+
; T0             ; 0     ; Signed Integer                   ;
; T1             ; 1     ; Signed Integer                   ;
; T2             ; 2     ; Signed Integer                   ;
; T3             ; 3     ; Signed Integer                   ;
; T4             ; 4     ; Signed Integer                   ;
; T5             ; 5     ; Signed Integer                   ;
; T6             ; 6     ; Signed Integer                   ;
+----------------+-------+----------------------------------+
Note: In order to hide this table in the UI and the text report file, please set the "Show Parameter Settings in Synthesis Report" option in "Analysis and Synthesis Settings -> More Settings" to "Off".


+-------------------------------------------------------------------------------------------------------------------+
; Parameter Settings for Inferred Entity Instance: cpu:cpu_test|single_port_ram_128x8:RAM_unit|altsyncram:ram_rtl_0 ;
+------------------------------------+----------------------+-------------------------------------------------------+
; Parameter Name                     ; Value                ; Type                                                  ;
+------------------------------------+----------------------+-------------------------------------------------------+
; BYTE_SIZE_BLOCK                    ; 8                    ; Untyped                                               ;
; AUTO_CARRY_CHAINS                  ; ON                   ; AUTO_CARRY                                            ;
; IGNORE_CARRY_BUFFERS               ; OFF                  ; IGNORE_CARRY                                          ;
; AUTO_CASCADE_CHAINS                ; ON                   ; AUTO_CASCADE                                          ;
; IGNORE_CASCADE_BUFFERS             ; OFF                  ; IGNORE_CASCADE                                        ;
; WIDTH_BYTEENA                      ; 1                    ; Untyped                                               ;
; OPERATION_MODE                     ; DUAL_PORT            ; Untyped                                               ;
; WIDTH_A                            ; 8                    ; Untyped                                               ;
; WIDTHAD_A                          ; 6                    ; Untyped                                               ;
; NUMWORDS_A                         ; 64                   ; Untyped                                               ;
; OUTDATA_REG_A                      ; UNREGISTERED         ; Untyped                                               ;
; ADDRESS_ACLR_A                     ; NONE                 ; Untyped                                               ;
; OUTDATA_ACLR_A                     ; NONE                 ; Untyped                                               ;
; WRCONTROL_ACLR_A                   ; NONE                 ; Untyped                                               ;
; INDATA_ACLR_A                      ; NONE                 ; Untyped                                               ;
; BYTEENA_ACLR_A                     ; NONE                 ; Untyped                                               ;
; WIDTH_B                            ; 8                    ; Untyped                                               ;
; WIDTHAD_B                          ; 6                    ; Untyped                                               ;
; NUMWORDS_B                         ; 64                   ; Untyped                                               ;
; INDATA_REG_B                       ; CLOCK1               ; Untyped                                               ;
; WRCONTROL_WRADDRESS_REG_B          ; CLOCK1               ; Untyped                                               ;
; RDCONTROL_REG_B                    ; CLOCK1               ; Untyped                                               ;
; ADDRESS_REG_B                      ; CLOCK0               ; Untyped                                               ;
; OUTDATA_REG_B                      ; UNREGISTERED         ; Untyped                                               ;
; BYTEENA_REG_B                      ; CLOCK1               ; Untyped                                               ;
; INDATA_ACLR_B                      ; NONE                 ; Untyped                                               ;
; WRCONTROL_ACLR_B                   ; NONE                 ; Untyped                                               ;
; ADDRESS_ACLR_B                     ; NONE                 ; Untyped                                               ;
; OUTDATA_ACLR_B                     ; NONE                 ; Untyped                                               ;
; RDCONTROL_ACLR_B                   ; NONE                 ; Untyped                                               ;
; BYTEENA_ACLR_B                     ; NONE                 ; Untyped                                               ;
; WIDTH_BYTEENA_A                    ; 1                    ; Untyped                                               ;
; WIDTH_BYTEENA_B                    ; 1                    ; Untyped                                               ;
; RAM_BLOCK_TYPE                     ; AUTO                 ; Untyped                                               ;
; BYTE_SIZE                          ; 8                    ; Untyped                                               ;
; READ_DURING_WRITE_MODE_MIXED_PORTS ; DONT_CARE            ; Untyped                                               ;
; READ_DURING_WRITE_MODE_PORT_A      ; NEW_DATA_NO_NBE_READ ; Untyped                                               ;
; READ_DURING_WRITE_MODE_PORT_B      ; NEW_DATA_NO_NBE_READ ; Untyped                                               ;
; INIT_FILE                          ; UNUSED               ; Untyped                                               ;
; INIT_FILE_LAYOUT                   ; PORT_A               ; Untyped                                               ;
; MAXIMUM_DEPTH                      ; 0                    ; Untyped                                               ;
; CLOCK_ENABLE_INPUT_A               ; NORMAL               ; Untyped                                               ;
; CLOCK_ENABLE_INPUT_B               ; NORMAL               ; Untyped                                               ;
; CLOCK_ENABLE_OUTPUT_A              ; NORMAL               ; Untyped                                               ;
; CLOCK_ENABLE_OUTPUT_B              ; NORMAL               ; Untyped                                               ;
; CLOCK_ENABLE_CORE_A                ; USE_INPUT_CLKEN      ; Untyped                                               ;
; CLOCK_ENABLE_CORE_B                ; USE_INPUT_CLKEN      ; Untyped                                               ;
; ENABLE_ECC                         ; FALSE                ; Untyped                                               ;
; ECC_PIPELINE_STAGE_ENABLED         ; FALSE                ; Untyped                                               ;
; WIDTH_ECCSTATUS                    ; 3                    ; Untyped                                               ;
; DEVICE_FAMILY                      ; Cyclone III          ; Untyped                                               ;
; CBXI_PARAMETER                     ; altsyncram_v8c1      ; Untyped                                               ;
+------------------------------------+----------------------+-------------------------------------------------------+
Note: In order to hide this table in the UI and the text report file, please set the "Show Parameter Settings in Synthesis Report" option in "Analysis and Synthesis Settings -> More Settings" to "Off".


+--------------------------------------------------------------------------------------------------------------+
; altsyncram Parameter Settings by Entity Instance                                                             ;
+-------------------------------------------+------------------------------------------------------------------+
; Name                                      ; Value                                                            ;
+-------------------------------------------+------------------------------------------------------------------+
; Number of entity instances                ; 1                                                                ;
; Entity Instance                           ; cpu:cpu_test|single_port_ram_128x8:RAM_unit|altsyncram:ram_rtl_0 ;
;     -- OPERATION_MODE                     ; DUAL_PORT                                                        ;
;     -- WIDTH_A                            ; 8                                                                ;
;     -- NUMWORDS_A                         ; 64                                                               ;
;     -- OUTDATA_REG_A                      ; UNREGISTERED                                                     ;
;     -- WIDTH_B                            ; 8                                                                ;
;     -- NUMWORDS_B                         ; 64                                                               ;
;     -- ADDRESS_REG_B                      ; CLOCK0                                                           ;
;     -- OUTDATA_REG_B                      ; UNREGISTERED                                                     ;
;     -- RAM_BLOCK_TYPE                     ; AUTO                                                             ;
;     -- READ_DURING_WRITE_MODE_MIXED_PORTS ; DONT_CARE                                                        ;
+-------------------------------------------+------------------------------------------------------------------+


+-------------------------------+
; Elapsed Time Per Partition    ;
+----------------+--------------+
; Partition Name ; Elapsed Time ;
+----------------+--------------+
; Top            ; 00:00:02     ;
+----------------+--------------+


+-------------------------------+
; Analysis & Synthesis Messages ;
+-------------------------------+
Info: *******************************************************************
Info: Running Quartus II 64-Bit Analysis & Synthesis
    Info: Version 13.1.0 Build 162 10/23/2013 SJ Web Edition
    Info: Processing started: Fri Nov 25 18:41:05 2022
Info: Command: quartus_map --read_settings_files=on --write_settings_files=off mcu -c mcu
Warning (20028): Parallel compilation is not licensed and has been disabled
Info (12021): Found 1 design units, including 1 entities, in source file design/single_port_ram_128x8.sv
    Info (12023): Found entity 1: single_port_ram_128x8
Info (12021): Found 1 design units, including 1 entities, in source file design/program_rom.sv
    Info (12023): Found entity 1: Program_Rom
Info (12021): Found 1 design units, including 1 entities, in source file design/cpu_seven_seg.sv
    Info (12023): Found entity 1: cpu_seven_seg
Info (12021): Found 1 design units, including 1 entities, in source file design/rom_hw7.sv
    Info (12023): Found entity 1: ROM_hw7
Info (12021): Found 1 design units, including 1 entities, in source file design/seven_seg_decoder.sv
    Info (12023): Found entity 1: seven_seg_decoder
Info (12021): Found 1 design units, including 1 entities, in source file design/rom.sv
    Info (12023): Found entity 1: ROM
Info (12021): Found 1 design units, including 1 entities, in source file design/cpu.sv
    Info (12023): Found entity 1: cpu
Info (12021): Found 1 design units, including 1 entities, in source file design/alu_seven_seg_decoder.sv
    Info (12023): Found entity 1: ALU_seven_seg_decoder
Info (12021): Found 1 design units, including 1 entities, in source file design/alu_4bit.sv
    Info (12023): Found entity 1: ALU_4bit
Warning (12019): Can't analyze file -- file design/sub_8bit.sv is missing
Info (12021): Found 1 design units, including 1 entities, in source file design/mcu.sv
    Info (12023): Found entity 1: mcu
Warning (12019): Can't analyze file -- file design/adder_8bit.sv is missing
Warning (10236): Verilog HDL Implicit Net warning at cpu.sv(61): created implicit net for "d"
Warning (10236): Verilog HDL Implicit Net warning at cpu.sv(126): created implicit net for "movlw"
Warning (10236): Verilog HDL Implicit Net warning at cpu.sv(127): created implicit net for "addlw"
Warning (10236): Verilog HDL Implicit Net warning at cpu.sv(128): created implicit net for "sublw"
Warning (10236): Verilog HDL Implicit Net warning at cpu.sv(129): created implicit net for "andlw"
Warning (10236): Verilog HDL Implicit Net warning at cpu.sv(130): created implicit net for "iorlw"
Warning (10236): Verilog HDL Implicit Net warning at cpu.sv(131): created implicit net for "xorlw"
Warning (10236): Verilog HDL Implicit Net warning at cpu.sv(133): created implicit net for "addwf"
Warning (10236): Verilog HDL Implicit Net warning at cpu.sv(134): created implicit net for "andwf"
Warning (10236): Verilog HDL Implicit Net warning at cpu.sv(135): created implicit net for "clrf"
Warning (10236): Verilog HDL Implicit Net warning at cpu.sv(136): created implicit net for "clrw"
Warning (10236): Verilog HDL Implicit Net warning at cpu.sv(137): created implicit net for "comf"
Warning (10236): Verilog HDL Implicit Net warning at cpu.sv(138): created implicit net for "decf"
Warning (10236): Verilog HDL Implicit Net warning at cpu.sv(139): created implicit net for "goto"
Warning (10236): Verilog HDL Implicit Net warning at cpu.sv(141): created implicit net for "incf"
Warning (10236): Verilog HDL Implicit Net warning at cpu.sv(142): created implicit net for "iorwf"
Warning (10236): Verilog HDL Implicit Net warning at cpu.sv(143): created implicit net for "subwf"
Warning (10236): Verilog HDL Implicit Net warning at cpu.sv(144): created implicit net for "xorwf"
Warning (10236): Verilog HDL Implicit Net warning at cpu.sv(145): created implicit net for "movf"
Warning (10236): Verilog HDL Implicit Net warning at cpu.sv(146): created implicit net for "movwf"
Info (12127): Elaborating entity "mcu" for the top level hierarchy
Warning (10034): Output port "HEX0" at mcu.sv(12) has no driver
Warning (10034): Output port "HEX1" at mcu.sv(13) has no driver
Warning (10034): Output port "HEX2" at mcu.sv(14) has no driver
Warning (10034): Output port "HEX3" at mcu.sv(15) has no driver
Warning (10034): Output port "LED[9..8]" at mcu.sv(18) has no driver
Info (12128): Elaborating entity "cpu" for hierarchy "cpu:cpu_test"
Warning (10036): Verilog HDL or VHDL warning at cpu.sv(114): object "databus" assigned a value but never read
Warning (10230): Verilog HDL assignment warning at cpu.sv(23): truncated value with size 32 to match size of target (11)
Warning (10230): Verilog HDL assignment warning at cpu.sv(95): truncated value with size 32 to match size of target (8)
Warning (10230): Verilog HDL assignment warning at cpu.sv(96): truncated value with size 32 to match size of target (8)
Info (12128): Elaborating entity "Program_Rom" for hierarchy "cpu:cpu_test|Program_Rom:ROM_unit"
Info (12128): Elaborating entity "single_port_ram_128x8" for hierarchy "cpu:cpu_test|single_port_ram_128x8:RAM_unit"
Warning (276020): Inferred RAM node "cpu:cpu_test|single_port_ram_128x8:RAM_unit|ram_rtl_0" from synchronous design logic.  Pass-through logic has been added to match the read-during-write behavior of the original design.
Info (19000): Inferred 1 megafunctions from design logic
    Info (276029): Inferred altsyncram megafunction from the following design logic: "cpu:cpu_test|single_port_ram_128x8:RAM_unit|ram_rtl_0" 
        Info (286033): Parameter OPERATION_MODE set to DUAL_PORT
        Info (286033): Parameter WIDTH_A set to 8
        Info (286033): Parameter WIDTHAD_A set to 6
        Info (286033): Parameter NUMWORDS_A set to 64
        Info (286033): Parameter WIDTH_B set to 8
        Info (286033): Parameter WIDTHAD_B set to 6
        Info (286033): Parameter NUMWORDS_B set to 64
        Info (286033): Parameter ADDRESS_ACLR_A set to NONE
        Info (286033): Parameter OUTDATA_REG_B set to UNREGISTERED
        Info (286033): Parameter ADDRESS_ACLR_B set to NONE
        Info (286033): Parameter OUTDATA_ACLR_B set to NONE
        Info (286033): Parameter ADDRESS_REG_B set to CLOCK0
        Info (286033): Parameter INDATA_ACLR_A set to NONE
        Info (286033): Parameter WRCONTROL_ACLR_A set to NONE
Info (12130): Elaborated megafunction instantiation "cpu:cpu_test|single_port_ram_128x8:RAM_unit|altsyncram:ram_rtl_0"
Info (12133): Instantiated megafunction "cpu:cpu_test|single_port_ram_128x8:RAM_unit|altsyncram:ram_rtl_0" with the following parameter:
    Info (12134): Parameter "OPERATION_MODE" = "DUAL_PORT"
    Info (12134): Parameter "WIDTH_A" = "8"
    Info (12134): Parameter "WIDTHAD_A" = "6"
    Info (12134): Parameter "NUMWORDS_A" = "64"
    Info (12134): Parameter "WIDTH_B" = "8"
    Info (12134): Parameter "WIDTHAD_B" = "6"
    Info (12134): Parameter "NUMWORDS_B" = "64"
    Info (12134): Parameter "ADDRESS_ACLR_A" = "NONE"
    Info (12134): Parameter "OUTDATA_REG_B" = "UNREGISTERED"
    Info (12134): Parameter "ADDRESS_ACLR_B" = "NONE"
    Info (12134): Parameter "OUTDATA_ACLR_B" = "NONE"
    Info (12134): Parameter "ADDRESS_REG_B" = "CLOCK0"
    Info (12134): Parameter "INDATA_ACLR_A" = "NONE"
    Info (12134): Parameter "WRCONTROL_ACLR_A" = "NONE"
Info (12021): Found 1 design units, including 1 entities, in source file db/altsyncram_v8c1.tdf
    Info (12023): Found entity 1: altsyncram_v8c1
Warning (13024): Output pins are stuck at VCC or GND
    Warning (13410): Pin "HEX0[0]" is stuck at GND
    Warning (13410): Pin "HEX0[1]" is stuck at GND
    Warning (13410): Pin "HEX0[2]" is stuck at GND
    Warning (13410): Pin "HEX0[3]" is stuck at GND
    Warning (13410): Pin "HEX0[4]" is stuck at GND
    Warning (13410): Pin "HEX0[5]" is stuck at GND
    Warning (13410): Pin "HEX0[6]" is stuck at GND
    Warning (13410): Pin "HEX1[0]" is stuck at GND
    Warning (13410): Pin "HEX1[1]" is stuck at GND
    Warning (13410): Pin "HEX1[2]" is stuck at GND
    Warning (13410): Pin "HEX1[3]" is stuck at GND
    Warning (13410): Pin "HEX1[4]" is stuck at GND
    Warning (13410): Pin "HEX1[5]" is stuck at GND
    Warning (13410): Pin "HEX1[6]" is stuck at GND
    Warning (13410): Pin "HEX2[0]" is stuck at GND
    Warning (13410): Pin "HEX2[1]" is stuck at GND
    Warning (13410): Pin "HEX2[2]" is stuck at GND
    Warning (13410): Pin "HEX2[3]" is stuck at GND
    Warning (13410): Pin "HEX2[4]" is stuck at GND
    Warning (13410): Pin "HEX2[5]" is stuck at GND
    Warning (13410): Pin "HEX2[6]" is stuck at GND
    Warning (13410): Pin "HEX3[0]" is stuck at GND
    Warning (13410): Pin "HEX3[1]" is stuck at GND
    Warning (13410): Pin "HEX3[2]" is stuck at GND
    Warning (13410): Pin "HEX3[3]" is stuck at GND
    Warning (13410): Pin "HEX3[4]" is stuck at GND
    Warning (13410): Pin "HEX3[5]" is stuck at GND
    Warning (13410): Pin "HEX3[6]" is stuck at GND
    Warning (13410): Pin "LED[8]" is stuck at GND
    Warning (13410): Pin "LED[9]" is stuck at GND
Info (286030): Timing-Driven Synthesis is running
Info (17049): 4 registers lost all their fanouts during netlist optimizations.
Info (144001): Generated suppressed messages file D:/code/Program_sv/HW9_class/output_files/mcu.map.smsg
Info (16010): Generating hard_block partition "hard_block:auto_generated_inst"
    Info (16011): Adding 0 node(s), including 0 DDIO, 0 PLL, 0 transceiver and 0 LCELL
Warning (21074): Design contains 12 input pin(s) that do not drive logic
    Warning (15610): No output dependent on input pin "CLK"
    Warning (15610): No output dependent on input pin "SW[0]"
    Warning (15610): No output dependent on input pin "SW[1]"
    Warning (15610): No output dependent on input pin "SW[2]"
    Warning (15610): No output dependent on input pin "SW[3]"
    Warning (15610): No output dependent on input pin "SW[4]"
    Warning (15610): No output dependent on input pin "SW[5]"
    Warning (15610): No output dependent on input pin "SW[6]"
    Warning (15610): No output dependent on input pin "SW[7]"
    Warning (15610): No output dependent on input pin "SW[8]"
    Warning (15610): No output dependent on input pin "SW[9]"
    Warning (15610): No output dependent on input pin "BTN[2]"
Info (21057): Implemented 290 device resources after synthesis - the final resource count might be different
    Info (21058): Implemented 14 input pins
    Info (21059): Implemented 38 output pins
    Info (21061): Implemented 230 logic cells
    Info (21064): Implemented 8 RAM segments
Info: Quartus II 64-Bit Analysis & Synthesis was successful. 0 errors, 77 warnings
    Info: Peak virtual memory: 4642 megabytes
    Info: Processing ended: Fri Nov 25 18:41:09 2022
    Info: Elapsed time: 00:00:04
    Info: Total CPU time (on all processors): 00:00:02


+------------------------------------------+
; Analysis & Synthesis Suppressed Messages ;
+------------------------------------------+
The suppressed messages can be found in D:/code/Program_sv/HW9_class/output_files/mcu.map.smsg.


