Analysis & Elaboration report for DE0_CV
Wed Apr 26 07:39:26 2023
Quartus Prime Version 19.1.0 Build 670 09/22/2019 SJ Lite Edition


---------------------
; Table of Contents ;
---------------------
  1. Legal Notice
  2. Analysis & Elaboration Summary
  3. Parallel Compilation
  4. Analysis & Elaboration Settings
  5. Port Connectivity Checks: "bit_trans:bit_trans_1"
  6. Analysis & Elaboration Messages
  7. Analysis & Elaboration Suppressed Messages



----------------
; Legal Notice ;
----------------
Copyright (C) 2019  Intel Corporation. All rights reserved.
Your use of Intel Corporation's design tools, logic functions 
and other software and tools, and any partner logic 
functions, and any output files from any of the foregoing 
(including device programming or simulation files), and any 
associated documentation or information are expressly subject 
to the terms and conditions of the Intel Program License 
Subscription Agreement, the Intel Quartus Prime License Agreement,
the Intel FPGA IP License Agreement, or other applicable license
agreement, including, without limitation, that your use is for
the sole purpose of programming logic devices manufactured by
Intel and sold by Intel or its authorized distributors.  Please
refer to the applicable agreement for further details, at
https://fpgasoftware.intel.com/eula.



+-----------------------------------------------------------------------------+
; Analysis & Elaboration Summary                                              ;
+-------------------------------+---------------------------------------------+
; Analysis & Elaboration Status ; Successful - Wed Apr 26 07:39:25 2023       ;
; Quartus Prime Version         ; 19.1.0 Build 670 09/22/2019 SJ Lite Edition ;
; Revision Name                 ; DE0_CV                                      ;
; Top-level Entity Name         ; DE0_CV                                      ;
; Family                        ; Cyclone V                                   ;
; Logic utilization (in ALMs)   ; N/A until Partition Merge                   ;
; Total registers               ; N/A until Partition Merge                   ;
; Total pins                    ; N/A until Partition Merge                   ;
; Total virtual pins            ; N/A until Partition Merge                   ;
; Total block memory bits       ; N/A until Partition Merge                   ;
; Total PLLs                    ; N/A until Partition Merge                   ;
; Total DLLs                    ; N/A until Partition Merge                   ;
+-------------------------------+---------------------------------------------+


+------------------------------------------+
; Parallel Compilation                     ;
+----------------------------+-------------+
; Processors                 ; Number      ;
+----------------------------+-------------+
; Number detected on machine ; 8           ;
; Maximum allowed            ; 4           ;
;                            ;             ;
; Average used               ; 1.00        ;
; Maximum used               ; 1           ;
;                            ;             ;
; Usage by Processor         ; % Time Used ;
;     Processor 1            ; 100.0%      ;
+----------------------------+-------------+


+---------------------------------------------------------------------------------------------------------------------------+
; Analysis & Elaboration Settings                                                                                           ;
+---------------------------------------------------------------------------------+--------------------+--------------------+
; Option                                                                          ; Setting            ; Default Value      ;
+---------------------------------------------------------------------------------+--------------------+--------------------+
; Device                                                                          ; 5CEBA4F23C7        ;                    ;
; Top-level entity name                                                           ; DE0_CV             ; DE0_CV             ;
; Family name                                                                     ; Cyclone V          ; Cyclone V          ;
; Use smart compilation                                                           ; Off                ; Off                ;
; Enable parallel Assembler and Timing Analyzer during compilation                ; On                 ; On                 ;
; Enable compact report table                                                     ; Off                ; Off                ;
; Restructure Multiplexers                                                        ; Auto               ; Auto               ;
; MLAB Add Timing Constraints For Mixed-Port Feed-Through Mode Setting Don't Care ; Off                ; Off                ;
; Create Debugging Nodes for IP Cores                                             ; Off                ; Off                ;
; Preserve fewer node names                                                       ; On                 ; On                 ;
; Intel FPGA IP Evaluation Mode                                                   ; Enable             ; Enable             ;
; Verilog Version                                                                 ; Verilog_2001       ; Verilog_2001       ;
; VHDL Version                                                                    ; VHDL_1993          ; VHDL_1993          ;
; State Machine Processing                                                        ; Auto               ; Auto               ;
; Safe State Machine                                                              ; Off                ; Off                ;
; Extract Verilog State Machines                                                  ; On                 ; On                 ;
; Extract VHDL State Machines                                                     ; On                 ; On                 ;
; Ignore Verilog initial constructs                                               ; Off                ; Off                ;
; Iteration limit for constant Verilog loops                                      ; 5000               ; 5000               ;
; Iteration limit for non-constant Verilog loops                                  ; 250                ; 250                ;
; Add Pass-Through Logic to Inferred RAMs                                         ; On                 ; On                 ;
; Infer RAMs from Raw Logic                                                       ; On                 ; On                 ;
; Parallel Synthesis                                                              ; On                 ; On                 ;
; DSP Block Balancing                                                             ; Auto               ; Auto               ;
; NOT Gate Push-Back                                                              ; On                 ; On                 ;
; Power-Up Don't Care                                                             ; On                 ; On                 ;
; Remove Redundant Logic Cells                                                    ; Off                ; Off                ;
; Remove Duplicate Registers                                                      ; On                 ; On                 ;
; Ignore CARRY Buffers                                                            ; Off                ; Off                ;
; Ignore CASCADE Buffers                                                          ; Off                ; Off                ;
; Ignore GLOBAL Buffers                                                           ; Off                ; Off                ;
; Ignore ROW GLOBAL Buffers                                                       ; Off                ; Off                ;
; Ignore LCELL Buffers                                                            ; Off                ; Off                ;
; Ignore SOFT Buffers                                                             ; On                 ; On                 ;
; Limit AHDL Integers to 32 Bits                                                  ; Off                ; Off                ;
; Optimization Technique                                                          ; Balanced           ; Balanced           ;
; Carry Chain Length                                                              ; 70                 ; 70                 ;
; Auto Carry Chains                                                               ; On                 ; On                 ;
; Auto Open-Drain Pins                                                            ; On                 ; On                 ;
; Perform WYSIWYG Primitive Resynthesis                                           ; Off                ; Off                ;
; Auto ROM Replacement                                                            ; On                 ; On                 ;
; Auto RAM Replacement                                                            ; On                 ; On                 ;
; Auto DSP Block Replacement                                                      ; On                 ; On                 ;
; Auto Shift Register Replacement                                                 ; Auto               ; Auto               ;
; Allow Shift Register Merging across Hierarchies                                 ; Auto               ; Auto               ;
; Auto Clock Enable Replacement                                                   ; On                 ; On                 ;
; Strict RAM Replacement                                                          ; Off                ; Off                ;
; Allow Synchronous Control Signals                                               ; On                 ; On                 ;
; Force Use of Synchronous Clear Signals                                          ; Off                ; Off                ;
; Auto Resource Sharing                                                           ; Off                ; Off                ;
; Allow Any RAM Size For Recognition                                              ; Off                ; Off                ;
; Allow Any ROM Size For Recognition                                              ; Off                ; Off                ;
; Allow Any Shift Register Size For Recognition                                   ; Off                ; Off                ;
; Use LogicLock Constraints during Resource Balancing                             ; On                 ; On                 ;
; Ignore translate_off and synthesis_off directives                               ; Off                ; Off                ;
; Timing-Driven Synthesis                                                         ; On                 ; On                 ;
; Report Parameter Settings                                                       ; On                 ; On                 ;
; Report Source Assignments                                                       ; On                 ; On                 ;
; Report Connectivity Checks                                                      ; On                 ; On                 ;
; Ignore Maximum Fan-Out Assignments                                              ; Off                ; Off                ;
; Synchronization Register Chain Length                                           ; 3                  ; 3                  ;
; Power Optimization During Synthesis                                             ; Normal compilation ; Normal compilation ;
; HDL message level                                                               ; Level2             ; Level2             ;
; Suppress Register Optimization Related Messages                                 ; Off                ; Off                ;
; Number of Removed Registers Reported in Synthesis Report                        ; 5000               ; 5000               ;
; Number of Swept Nodes Reported in Synthesis Report                              ; 5000               ; 5000               ;
; Number of Inverted Registers Reported in Synthesis Report                       ; 100                ; 100                ;
; Clock MUX Protection                                                            ; On                 ; On                 ;
; Auto Gated Clock Conversion                                                     ; Off                ; Off                ;
; Block Design Naming                                                             ; Auto               ; Auto               ;
; SDC constraint protection                                                       ; Off                ; Off                ;
; Synthesis Effort                                                                ; Auto               ; Auto               ;
; Shift Register Replacement - Allow Asynchronous Clear Signal                    ; On                 ; On                 ;
; Pre-Mapping Resynthesis Optimization                                            ; Off                ; Off                ;
; Analysis & Synthesis Message Level                                              ; Medium             ; Medium             ;
; Disable Register Merging Across Hierarchies                                     ; Auto               ; Auto               ;
; Resource Aware Inference For Block RAM                                          ; On                 ; On                 ;
; Automatic Parallel Synthesis                                                    ; On                 ; On                 ;
; Partial Reconfiguration Bitstream ID                                            ; Off                ; Off                ;
+---------------------------------------------------------------------------------+--------------------+--------------------+


+------------------------------------------------------------------------------------------------------------------------------------------------------------------------------------------------------------------------------+
; Port Connectivity Checks: "bit_trans:bit_trans_1"                                                                                                                                                                            ;
+---------------------+--------+----------+------------------------------------------------------------------------------------------------------------------------------------------------------------------------------------+
; Port                ; Type   ; Severity ; Details                                                                                                                                                                            ;
+---------------------+--------+----------+------------------------------------------------------------------------------------------------------------------------------------------------------------------------------------+
; r_LPF_threshold     ; Input  ; Warning  ; Input port expression (14 bits) is wider than the input port (1 bits) it drives.  The 13 most-significant bit(s) in the expression will be dangling if they have no other fanouts. ;
; r_LPF_threshold[-1] ; Input  ; Info     ; Stuck at GND                                                                                                                                                                       ;
; rx_finish           ; Output ; Info     ; Connected to dangling logic. Logic that only feeds a dangling port will be removed.                                                                                                ;
+---------------------+--------+----------+------------------------------------------------------------------------------------------------------------------------------------------------------------------------------------+


+---------------------------------+
; Analysis & Elaboration Messages ;
+---------------------------------+
Info: *******************************************************************
Info: Running Quartus Prime Analysis & Elaboration
    Info: Version 19.1.0 Build 670 09/22/2019 SJ Lite Edition
    Info: Processing started: Wed Apr 26 07:39:16 2023
Info: Command: quartus_map --read_settings_files=on --write_settings_files=off DE0_CV -c DE0_CV --analysis_and_elaboration
Warning (18236): Number of processors has not been specified which may cause overloading on shared machines.  Set the global assignment NUM_PARALLEL_PROCESSORS in your QSF to an appropriate value for best performance.
Info (20030): Parallel compilation is enabled and will use 4 of the 4 processors detected
Info (12021): Found 1 design units, including 1 entities, in source file design/bit_trans.sv
    Info (12023): Found entity 1: bit_trans File: D:/code/sv_project/LAB6/LAB6_1/design/bit_trans.sv Line: 3
Info (12021): Found 1 design units, including 1 entities, in source file design/low_pass_filter_4enc.sv
    Info (12023): Found entity 1: Low_Pass_Filter_4ENC File: D:/code/sv_project/LAB6/LAB6_1/design/Low_Pass_Filter_4ENC.sv Line: 47
Info (12021): Found 1 design units, including 1 entities, in source file design/gen_step_col.sv
    Info (12023): Found entity 1: gen_step_col File: D:/code/sv_project/LAB6/LAB6_1/design/gen_step_col.sv Line: 3
Info (12021): Found 1 design units, including 1 entities, in source file design/encoder.sv
    Info (12023): Found entity 1: Encoder File: D:/code/sv_project/LAB6/LAB6_1/design/Encoder.sv Line: 3
Info (12021): Found 1 design units, including 1 entities, in source file design/edge_detector.sv
    Info (12023): Found entity 1: edge_detector File: D:/code/sv_project/LAB6/LAB6_1/design/edge_detector.sv Line: 3
Info (12021): Found 1 design units, including 1 entities, in source file design/de0_cv.sv
    Info (12023): Found entity 1: DE0_CV File: D:/code/sv_project/LAB6/LAB6_1/design/DE0_CV.sv Line: 6
Info (12021): Found 1 design units, including 1 entities, in source file design/sub_4bit.sv
    Info (12023): Found entity 1: sub_4bit File: D:/code/sv_project/LAB6/LAB6_1/design/sub_4bit.sv Line: 1
Warning (10236): Verilog HDL Implicit Net warning at DE0_CV.sv(72): created implicit net for "clk" File: D:/code/sv_project/LAB6/LAB6_1/design/DE0_CV.sv Line: 72
Info (12127): Elaborating entity "DE0_CV" for the top level hierarchy
Warning (10036): Verilog HDL or VHDL warning at DE0_CV.sv(61): object "buad_setting" assigned a value but never read File: D:/code/sv_project/LAB6/LAB6_1/design/DE0_CV.sv Line: 61
Warning (10034): Output port "HEX0" at DE0_CV.sv(15) has no driver File: D:/code/sv_project/LAB6/LAB6_1/design/DE0_CV.sv Line: 15
Warning (10034): Output port "HEX1" at DE0_CV.sv(16) has no driver File: D:/code/sv_project/LAB6/LAB6_1/design/DE0_CV.sv Line: 16
Warning (10034): Output port "HEX2" at DE0_CV.sv(17) has no driver File: D:/code/sv_project/LAB6/LAB6_1/design/DE0_CV.sv Line: 17
Warning (10034): Output port "HEX3" at DE0_CV.sv(18) has no driver File: D:/code/sv_project/LAB6/LAB6_1/design/DE0_CV.sv Line: 18
Warning (10034): Output port "HEX4" at DE0_CV.sv(19) has no driver File: D:/code/sv_project/LAB6/LAB6_1/design/DE0_CV.sv Line: 19
Warning (10034): Output port "HEX5" at DE0_CV.sv(20) has no driver File: D:/code/sv_project/LAB6/LAB6_1/design/DE0_CV.sv Line: 20
Warning (10034): Output port "LEDR[9..8]" at DE0_CV.sv(27) has no driver File: D:/code/sv_project/LAB6/LAB6_1/design/DE0_CV.sv Line: 27
Warning (10034): Output port "SD_CLK" at DE0_CV.sv(31) has no driver File: D:/code/sv_project/LAB6/LAB6_1/design/DE0_CV.sv Line: 31
Info (12128): Elaborating entity "bit_trans" for hierarchy "bit_trans:bit_trans_1" File: D:/code/sv_project/LAB6/LAB6_1/design/DE0_CV.sv Line: 102
Warning (10230): Verilog HDL assignment warning at bit_trans.sv(29): truncated value with size 32 to match size of target (15) File: D:/code/sv_project/LAB6/LAB6_1/design/bit_trans.sv Line: 29
Info (12128): Elaborating entity "edge_detector" for hierarchy "bit_trans:bit_trans_1|edge_detector:edge_detector_1" File: D:/code/sv_project/LAB6/LAB6_1/design/bit_trans.sv Line: 20
Warning (12241): 1 hierarchies have connectivity warnings - see the Connectivity Checks report folder
Info (144001): Generated suppressed messages file D:/code/sv_project/LAB6/LAB6_1/DE0_CV.map.smsg
Info: Quartus Prime Analysis & Elaboration was successful. 0 errors, 13 warnings
    Info: Peak virtual memory: 4769 megabytes
    Info: Processing ended: Wed Apr 26 07:39:26 2023
    Info: Elapsed time: 00:00:10
    Info: Total CPU time (on all processors): 00:00:20


+--------------------------------------------+
; Analysis & Elaboration Suppressed Messages ;
+--------------------------------------------+
The suppressed messages can be found in D:/code/sv_project/LAB6/LAB6_1/DE0_CV.map.smsg.


