Analysis & Elaboration report for DE0_CV
Mon Mar 20 18:39:33 2023
Quartus Prime Version 19.1.0 Build 670 09/22/2019 SJ Lite Edition


---------------------
; Table of Contents ;
---------------------
  1. Legal Notice
  2. Analysis & Elaboration Summary
  3. Parallel Compilation
  4. Analysis & Elaboration IP Cores Summary
  5. Source assignments for sld_signaltap:auto_signaltap_0
  6. Parameter Settings for User Entity Instance: pll:pll|pll_0002:pll_inst|altera_pll:altera_pll_i
  7. Parameter Settings for Inferred Entity Instance: sld_signaltap:auto_signaltap_0
  8. Analysis & Elaboration Settings
  9. Port Connectivity Checks: "handshaking:handshaking_test"
 10. Port Connectivity Checks: "pll:pll"
 11. Signal Tap Logic Analyzer Settings
 12. Analysis & Elaboration Messages



----------------
; Legal Notice ;
----------------
Copyright (C) 2019  Intel Corporation. All rights reserved.
Your use of Intel Corporation's design tools, logic functions 
and other software and tools, and any partner logic 
functions, and any output files from any of the foregoing 
(including device programming or simulation files), and any 
associated documentation or information are expressly subject 
to the terms and conditions of the Intel Program License 
Subscription Agreement, the Intel Quartus Prime License Agreement,
the Intel FPGA IP License Agreement, or other applicable license
agreement, including, without limitation, that your use is for
the sole purpose of programming logic devices manufactured by
Intel and sold by Intel or its authorized distributors.  Please
refer to the applicable agreement for further details, at
https://fpgasoftware.intel.com/eula.



+-----------------------------------------------------------------------------+
; Analysis & Elaboration Summary                                              ;
+-------------------------------+---------------------------------------------+
; Analysis & Elaboration Status ; Successful - Mon Mar 20 18:39:33 2023       ;
; Quartus Prime Version         ; 19.1.0 Build 670 09/22/2019 SJ Lite Edition ;
; Revision Name                 ; DE0_CV                                      ;
; Top-level Entity Name         ; DE0_CV                                      ;
; Family                        ; Cyclone V                                   ;
; Logic utilization (in ALMs)   ; N/A until Partition Merge                   ;
; Total registers               ; N/A until Partition Merge                   ;
; Total pins                    ; N/A until Partition Merge                   ;
; Total virtual pins            ; N/A until Partition Merge                   ;
; Total block memory bits       ; N/A until Partition Merge                   ;
; Total PLLs                    ; N/A until Partition Merge                   ;
; Total DLLs                    ; N/A until Partition Merge                   ;
+-------------------------------+---------------------------------------------+


+------------------------------------------+
; Parallel Compilation                     ;
+----------------------------+-------------+
; Processors                 ; Number      ;
+----------------------------+-------------+
; Number detected on machine ; 8           ;
; Maximum allowed            ; 4           ;
;                            ;             ;
; Average used               ; 1.00        ;
; Maximum used               ; 1           ;
;                            ;             ;
; Usage by Processor         ; % Time Used ;
;     Processor 1            ; 100.0%      ;
+----------------------------+-------------+


+---------------------------------------------------------------------------------------------------------------------------------------------------------------------------------------------------------------------------------------------------------------------------------------------------------------------------------------------------------------+
; Analysis & Elaboration IP Cores Summary                                                                                                                                                                                                                                                                                                                       ;
+--------+--------------+---------+--------------+--------------+-----------------------------------------------------------------------------------------------------------------------------------------------------------------------------------------------------------------------------------------------------------------------------+-----------------+
; Vendor ; IP Core Name ; Version ; Release Date ; License Type ; Entity Instance                                                                                                                                                                                                                                                             ; IP Include File ;
+--------+--------------+---------+--------------+--------------+-----------------------------------------------------------------------------------------------------------------------------------------------------------------------------------------------------------------------------------------------------------------------------+-----------------+
; Altera ; Signal Tap   ; N/A     ; N/A          ; Licensed     ; |DE0_CV|sld_hub:auto_hub|alt_sld_fab_with_jtag_input:\instrumentation_fabric_with_node_gen:fabric_gen_new_way:with_jtag_input_gen:instrumentation_fabric|alt_sld_fab:instrumentation_fabric                                                                                 ;                 ;
; Altera ; Signal Tap   ; N/A     ; N/A          ; Licensed     ; |DE0_CV|sld_hub:auto_hub|alt_sld_fab_with_jtag_input:\instrumentation_fabric_with_node_gen:fabric_gen_new_way:with_jtag_input_gen:instrumentation_fabric|alt_sld_fab:instrumentation_fabric|alt_sld_fab_alt_sld_fab:alt_sld_fab                                             ;                 ;
; Altera ; Signal Tap   ; N/A     ; N/A          ; Licensed     ; |DE0_CV|sld_hub:auto_hub|alt_sld_fab_with_jtag_input:\instrumentation_fabric_with_node_gen:fabric_gen_new_way:with_jtag_input_gen:instrumentation_fabric|alt_sld_fab:instrumentation_fabric|alt_sld_fab_alt_sld_fab:alt_sld_fab|alt_sld_fab_alt_sld_fab_presplit:presplit   ;                 ;
; Altera ; Signal Tap   ; N/A     ; N/A          ; Licensed     ; |DE0_CV|sld_hub:auto_hub|alt_sld_fab_with_jtag_input:\instrumentation_fabric_with_node_gen:fabric_gen_new_way:with_jtag_input_gen:instrumentation_fabric|alt_sld_fab:instrumentation_fabric|alt_sld_fab_alt_sld_fab:alt_sld_fab|alt_sld_fab_alt_sld_fab_sldfabric:sldfabric ;                 ;
; Altera ; Signal Tap   ; N/A     ; N/A          ; Licensed     ; |DE0_CV|sld_hub:auto_hub|alt_sld_fab_with_jtag_input:\instrumentation_fabric_with_node_gen:fabric_gen_new_way:with_jtag_input_gen:instrumentation_fabric|alt_sld_fab:instrumentation_fabric|alt_sld_fab_alt_sld_fab:alt_sld_fab|alt_sld_fab_alt_sld_fab_splitter:splitter   ;                 ;
; Altera ; altera_pll   ; 19.1    ; N/A          ; N/A          ; |DE0_CV|pll:pll                                                                                                                                                                                                                                                             ; pll.v           ;
+--------+--------------+---------+--------------+--------------+-----------------------------------------------------------------------------------------------------------------------------------------------------------------------------------------------------------------------------------------------------------------------------+-----------------+


+-------------------------------------------------------+
; Source assignments for sld_signaltap:auto_signaltap_0 ;
+-----------------+-------+------+----------------------+
; Assignment      ; Value ; From ; To                   ;
+-----------------+-------+------+----------------------+
; MESSAGE_DISABLE ; 13410 ; -    ; -                    ;
+-----------------+-------+------+----------------------+


+------------------------------------------------------------------------------------------------+
; Parameter Settings for User Entity Instance: pll:pll|pll_0002:pll_inst|altera_pll:altera_pll_i ;
+--------------------------------------+------------------------+--------------------------------+
; Parameter Name                       ; Value                  ; Type                           ;
+--------------------------------------+------------------------+--------------------------------+
; reference_clock_frequency            ; 50.0 MHz               ; String                         ;
; fractional_vco_multiplier            ; false                  ; String                         ;
; pll_type                             ; General                ; String                         ;
; pll_subtype                          ; General                ; String                         ;
; number_of_clocks                     ; 2                      ; Signed Integer                 ;
; operation_mode                       ; direct                 ; String                         ;
; deserialization_factor               ; 4                      ; Signed Integer                 ;
; data_rate                            ; 0                      ; Signed Integer                 ;
; sim_additional_refclk_cycles_to_lock ; 0                      ; Signed Integer                 ;
; output_clock_frequency0              ; 100.000000 MHz         ; String                         ;
; phase_shift0                         ; 0 ps                   ; String                         ;
; duty_cycle0                          ; 50                     ; Signed Integer                 ;
; output_clock_frequency1              ; 10.000000 MHz          ; String                         ;
; phase_shift1                         ; 0 ps                   ; String                         ;
; duty_cycle1                          ; 50                     ; Signed Integer                 ;
; output_clock_frequency2              ; 0 MHz                  ; String                         ;
; phase_shift2                         ; 0 ps                   ; String                         ;
; duty_cycle2                          ; 50                     ; Signed Integer                 ;
; output_clock_frequency3              ; 0 MHz                  ; String                         ;
; phase_shift3                         ; 0 ps                   ; String                         ;
; duty_cycle3                          ; 50                     ; Signed Integer                 ;
; output_clock_frequency4              ; 0 MHz                  ; String                         ;
; phase_shift4                         ; 0 ps                   ; String                         ;
; duty_cycle4                          ; 50                     ; Signed Integer                 ;
; output_clock_frequency5              ; 0 MHz                  ; String                         ;
; phase_shift5                         ; 0 ps                   ; String                         ;
; duty_cycle5                          ; 50                     ; Signed Integer                 ;
; output_clock_frequency6              ; 0 MHz                  ; String                         ;
; phase_shift6                         ; 0 ps                   ; String                         ;
; duty_cycle6                          ; 50                     ; Signed Integer                 ;
; output_clock_frequency7              ; 0 MHz                  ; String                         ;
; phase_shift7                         ; 0 ps                   ; String                         ;
; duty_cycle7                          ; 50                     ; Signed Integer                 ;
; output_clock_frequency8              ; 0 MHz                  ; String                         ;
; phase_shift8                         ; 0 ps                   ; String                         ;
; duty_cycle8                          ; 50                     ; Signed Integer                 ;
; output_clock_frequency9              ; 0 MHz                  ; String                         ;
; phase_shift9                         ; 0 ps                   ; String                         ;
; duty_cycle9                          ; 50                     ; Signed Integer                 ;
; output_clock_frequency10             ; 0 MHz                  ; String                         ;
; phase_shift10                        ; 0 ps                   ; String                         ;
; duty_cycle10                         ; 50                     ; Signed Integer                 ;
; output_clock_frequency11             ; 0 MHz                  ; String                         ;
; phase_shift11                        ; 0 ps                   ; String                         ;
; duty_cycle11                         ; 50                     ; Signed Integer                 ;
; output_clock_frequency12             ; 0 MHz                  ; String                         ;
; phase_shift12                        ; 0 ps                   ; String                         ;
; duty_cycle12                         ; 50                     ; Signed Integer                 ;
; output_clock_frequency13             ; 0 MHz                  ; String                         ;
; phase_shift13                        ; 0 ps                   ; String                         ;
; duty_cycle13                         ; 50                     ; Signed Integer                 ;
; output_clock_frequency14             ; 0 MHz                  ; String                         ;
; phase_shift14                        ; 0 ps                   ; String                         ;
; duty_cycle14                         ; 50                     ; Signed Integer                 ;
; output_clock_frequency15             ; 0 MHz                  ; String                         ;
; phase_shift15                        ; 0 ps                   ; String                         ;
; duty_cycle15                         ; 50                     ; Signed Integer                 ;
; output_clock_frequency16             ; 0 MHz                  ; String                         ;
; phase_shift16                        ; 0 ps                   ; String                         ;
; duty_cycle16                         ; 50                     ; Signed Integer                 ;
; output_clock_frequency17             ; 0 MHz                  ; String                         ;
; phase_shift17                        ; 0 ps                   ; String                         ;
; duty_cycle17                         ; 50                     ; Signed Integer                 ;
; clock_name_0                         ;                        ; String                         ;
; clock_name_1                         ;                        ; String                         ;
; clock_name_2                         ;                        ; String                         ;
; clock_name_3                         ;                        ; String                         ;
; clock_name_4                         ;                        ; String                         ;
; clock_name_5                         ;                        ; String                         ;
; clock_name_6                         ;                        ; String                         ;
; clock_name_7                         ;                        ; String                         ;
; clock_name_8                         ;                        ; String                         ;
; clock_name_global_0                  ; false                  ; String                         ;
; clock_name_global_1                  ; false                  ; String                         ;
; clock_name_global_2                  ; false                  ; String                         ;
; clock_name_global_3                  ; false                  ; String                         ;
; clock_name_global_4                  ; false                  ; String                         ;
; clock_name_global_5                  ; false                  ; String                         ;
; clock_name_global_6                  ; false                  ; String                         ;
; clock_name_global_7                  ; false                  ; String                         ;
; clock_name_global_8                  ; false                  ; String                         ;
; m_cnt_hi_div                         ; 1                      ; Signed Integer                 ;
; m_cnt_lo_div                         ; 1                      ; Signed Integer                 ;
; m_cnt_bypass_en                      ; false                  ; String                         ;
; m_cnt_odd_div_duty_en                ; false                  ; String                         ;
; n_cnt_hi_div                         ; 1                      ; Signed Integer                 ;
; n_cnt_lo_div                         ; 1                      ; Signed Integer                 ;
; n_cnt_bypass_en                      ; false                  ; String                         ;
; n_cnt_odd_div_duty_en                ; false                  ; String                         ;
; c_cnt_hi_div0                        ; 1                      ; Signed Integer                 ;
; c_cnt_lo_div0                        ; 1                      ; Signed Integer                 ;
; c_cnt_bypass_en0                     ; false                  ; String                         ;
; c_cnt_in_src0                        ; ph_mux_clk             ; String                         ;
; c_cnt_odd_div_duty_en0               ; false                  ; String                         ;
; c_cnt_prst0                          ; 1                      ; Signed Integer                 ;
; c_cnt_ph_mux_prst0                   ; 0                      ; Signed Integer                 ;
; c_cnt_hi_div1                        ; 1                      ; Signed Integer                 ;
; c_cnt_lo_div1                        ; 1                      ; Signed Integer                 ;
; c_cnt_bypass_en1                     ; false                  ; String                         ;
; c_cnt_in_src1                        ; ph_mux_clk             ; String                         ;
; c_cnt_odd_div_duty_en1               ; false                  ; String                         ;
; c_cnt_prst1                          ; 1                      ; Signed Integer                 ;
; c_cnt_ph_mux_prst1                   ; 0                      ; Signed Integer                 ;
; c_cnt_hi_div2                        ; 1                      ; Signed Integer                 ;
; c_cnt_lo_div2                        ; 1                      ; Signed Integer                 ;
; c_cnt_bypass_en2                     ; false                  ; String                         ;
; c_cnt_in_src2                        ; ph_mux_clk             ; String                         ;
; c_cnt_odd_div_duty_en2               ; false                  ; String                         ;
; c_cnt_prst2                          ; 1                      ; Signed Integer                 ;
; c_cnt_ph_mux_prst2                   ; 0                      ; Signed Integer                 ;
; c_cnt_hi_div3                        ; 1                      ; Signed Integer                 ;
; c_cnt_lo_div3                        ; 1                      ; Signed Integer                 ;
; c_cnt_bypass_en3                     ; false                  ; String                         ;
; c_cnt_in_src3                        ; ph_mux_clk             ; String                         ;
; c_cnt_odd_div_duty_en3               ; false                  ; String                         ;
; c_cnt_prst3                          ; 1                      ; Signed Integer                 ;
; c_cnt_ph_mux_prst3                   ; 0                      ; Signed Integer                 ;
; c_cnt_hi_div4                        ; 1                      ; Signed Integer                 ;
; c_cnt_lo_div4                        ; 1                      ; Signed Integer                 ;
; c_cnt_bypass_en4                     ; false                  ; String                         ;
; c_cnt_in_src4                        ; ph_mux_clk             ; String                         ;
; c_cnt_odd_div_duty_en4               ; false                  ; String                         ;
; c_cnt_prst4                          ; 1                      ; Signed Integer                 ;
; c_cnt_ph_mux_prst4                   ; 0                      ; Signed Integer                 ;
; c_cnt_hi_div5                        ; 1                      ; Signed Integer                 ;
; c_cnt_lo_div5                        ; 1                      ; Signed Integer                 ;
; c_cnt_bypass_en5                     ; false                  ; String                         ;
; c_cnt_in_src5                        ; ph_mux_clk             ; String                         ;
; c_cnt_odd_div_duty_en5               ; false                  ; String                         ;
; c_cnt_prst5                          ; 1                      ; Signed Integer                 ;
; c_cnt_ph_mux_prst5                   ; 0                      ; Signed Integer                 ;
; c_cnt_hi_div6                        ; 1                      ; Signed Integer                 ;
; c_cnt_lo_div6                        ; 1                      ; Signed Integer                 ;
; c_cnt_bypass_en6                     ; false                  ; String                         ;
; c_cnt_in_src6                        ; ph_mux_clk             ; String                         ;
; c_cnt_odd_div_duty_en6               ; false                  ; String                         ;
; c_cnt_prst6                          ; 1                      ; Signed Integer                 ;
; c_cnt_ph_mux_prst6                   ; 0                      ; Signed Integer                 ;
; c_cnt_hi_div7                        ; 1                      ; Signed Integer                 ;
; c_cnt_lo_div7                        ; 1                      ; Signed Integer                 ;
; c_cnt_bypass_en7                     ; false                  ; String                         ;
; c_cnt_in_src7                        ; ph_mux_clk             ; String                         ;
; c_cnt_odd_div_duty_en7               ; false                  ; String                         ;
; c_cnt_prst7                          ; 1                      ; Signed Integer                 ;
; c_cnt_ph_mux_prst7                   ; 0                      ; Signed Integer                 ;
; c_cnt_hi_div8                        ; 1                      ; Signed Integer                 ;
; c_cnt_lo_div8                        ; 1                      ; Signed Integer                 ;
; c_cnt_bypass_en8                     ; false                  ; String                         ;
; c_cnt_in_src8                        ; ph_mux_clk             ; String                         ;
; c_cnt_odd_div_duty_en8               ; false                  ; String                         ;
; c_cnt_prst8                          ; 1                      ; Signed Integer                 ;
; c_cnt_ph_mux_prst8                   ; 0                      ; Signed Integer                 ;
; c_cnt_hi_div9                        ; 1                      ; Signed Integer                 ;
; c_cnt_lo_div9                        ; 1                      ; Signed Integer                 ;
; c_cnt_bypass_en9                     ; false                  ; String                         ;
; c_cnt_in_src9                        ; ph_mux_clk             ; String                         ;
; c_cnt_odd_div_duty_en9               ; false                  ; String                         ;
; c_cnt_prst9                          ; 1                      ; Signed Integer                 ;
; c_cnt_ph_mux_prst9                   ; 0                      ; Signed Integer                 ;
; c_cnt_hi_div10                       ; 1                      ; Signed Integer                 ;
; c_cnt_lo_div10                       ; 1                      ; Signed Integer                 ;
; c_cnt_bypass_en10                    ; false                  ; String                         ;
; c_cnt_in_src10                       ; ph_mux_clk             ; String                         ;
; c_cnt_odd_div_duty_en10              ; false                  ; String                         ;
; c_cnt_prst10                         ; 1                      ; Signed Integer                 ;
; c_cnt_ph_mux_prst10                  ; 0                      ; Signed Integer                 ;
; c_cnt_hi_div11                       ; 1                      ; Signed Integer                 ;
; c_cnt_lo_div11                       ; 1                      ; Signed Integer                 ;
; c_cnt_bypass_en11                    ; false                  ; String                         ;
; c_cnt_in_src11                       ; ph_mux_clk             ; String                         ;
; c_cnt_odd_div_duty_en11              ; false                  ; String                         ;
; c_cnt_prst11                         ; 1                      ; Signed Integer                 ;
; c_cnt_ph_mux_prst11                  ; 0                      ; Signed Integer                 ;
; c_cnt_hi_div12                       ; 1                      ; Signed Integer                 ;
; c_cnt_lo_div12                       ; 1                      ; Signed Integer                 ;
; c_cnt_bypass_en12                    ; false                  ; String                         ;
; c_cnt_in_src12                       ; ph_mux_clk             ; String                         ;
; c_cnt_odd_div_duty_en12              ; false                  ; String                         ;
; c_cnt_prst12                         ; 1                      ; Signed Integer                 ;
; c_cnt_ph_mux_prst12                  ; 0                      ; Signed Integer                 ;
; c_cnt_hi_div13                       ; 1                      ; Signed Integer                 ;
; c_cnt_lo_div13                       ; 1                      ; Signed Integer                 ;
; c_cnt_bypass_en13                    ; false                  ; String                         ;
; c_cnt_in_src13                       ; ph_mux_clk             ; String                         ;
; c_cnt_odd_div_duty_en13              ; false                  ; String                         ;
; c_cnt_prst13                         ; 1                      ; Signed Integer                 ;
; c_cnt_ph_mux_prst13                  ; 0                      ; Signed Integer                 ;
; c_cnt_hi_div14                       ; 1                      ; Signed Integer                 ;
; c_cnt_lo_div14                       ; 1                      ; Signed Integer                 ;
; c_cnt_bypass_en14                    ; false                  ; String                         ;
; c_cnt_in_src14                       ; ph_mux_clk             ; String                         ;
; c_cnt_odd_div_duty_en14              ; false                  ; String                         ;
; c_cnt_prst14                         ; 1                      ; Signed Integer                 ;
; c_cnt_ph_mux_prst14                  ; 0                      ; Signed Integer                 ;
; c_cnt_hi_div15                       ; 1                      ; Signed Integer                 ;
; c_cnt_lo_div15                       ; 1                      ; Signed Integer                 ;
; c_cnt_bypass_en15                    ; false                  ; String                         ;
; c_cnt_in_src15                       ; ph_mux_clk             ; String                         ;
; c_cnt_odd_div_duty_en15              ; false                  ; String                         ;
; c_cnt_prst15                         ; 1                      ; Signed Integer                 ;
; c_cnt_ph_mux_prst15                  ; 0                      ; Signed Integer                 ;
; c_cnt_hi_div16                       ; 1                      ; Signed Integer                 ;
; c_cnt_lo_div16                       ; 1                      ; Signed Integer                 ;
; c_cnt_bypass_en16                    ; false                  ; String                         ;
; c_cnt_in_src16                       ; ph_mux_clk             ; String                         ;
; c_cnt_odd_div_duty_en16              ; false                  ; String                         ;
; c_cnt_prst16                         ; 1                      ; Signed Integer                 ;
; c_cnt_ph_mux_prst16                  ; 0                      ; Signed Integer                 ;
; c_cnt_hi_div17                       ; 1                      ; Signed Integer                 ;
; c_cnt_lo_div17                       ; 1                      ; Signed Integer                 ;
; c_cnt_bypass_en17                    ; false                  ; String                         ;
; c_cnt_in_src17                       ; ph_mux_clk             ; String                         ;
; c_cnt_odd_div_duty_en17              ; false                  ; String                         ;
; c_cnt_prst17                         ; 1                      ; Signed Integer                 ;
; c_cnt_ph_mux_prst17                  ; 0                      ; Signed Integer                 ;
; pll_vco_div                          ; 1                      ; Signed Integer                 ;
; pll_slf_rst                          ; false                  ; String                         ;
; pll_bw_sel                           ; low                    ; String                         ;
; pll_output_clk_frequency             ; 0 MHz                  ; String                         ;
; pll_cp_current                       ; 0                      ; Signed Integer                 ;
; pll_bwctrl                           ; 0                      ; Signed Integer                 ;
; pll_fractional_division              ; 1                      ; Signed Integer                 ;
; pll_fractional_cout                  ; 24                     ; Signed Integer                 ;
; pll_dsm_out_sel                      ; 1st_order              ; String                         ;
; mimic_fbclk_type                     ; gclk                   ; String                         ;
; pll_fbclk_mux_1                      ; glb                    ; String                         ;
; pll_fbclk_mux_2                      ; fb_1                   ; String                         ;
; pll_m_cnt_in_src                     ; ph_mux_clk             ; String                         ;
; pll_vcoph_div                        ; 1                      ; Signed Integer                 ;
; refclk1_frequency                    ; 0 MHz                  ; String                         ;
; pll_clkin_0_src                      ; clk_0                  ; String                         ;
; pll_clkin_1_src                      ; clk_0                  ; String                         ;
; pll_clk_loss_sw_en                   ; false                  ; String                         ;
; pll_auto_clk_sw_en                   ; false                  ; String                         ;
; pll_manu_clk_sw_en                   ; false                  ; String                         ;
; pll_clk_sw_dly                       ; 0                      ; Signed Integer                 ;
; pll_extclk_0_cnt_src                 ; pll_extclk_cnt_src_vss ; String                         ;
; pll_extclk_1_cnt_src                 ; pll_extclk_cnt_src_vss ; String                         ;
+--------------------------------------+------------------------+--------------------------------+
Note: In order to hide this table in the UI and the text report file, please set the "Show Parameter Settings in Synthesis Report" option in "Analysis and Synthesis Settings -> More Settings" to "Off".


+-----------------------------------------------------------------------------------------------------------------------------------------------+
; Parameter Settings for Inferred Entity Instance: sld_signaltap:auto_signaltap_0                                                               ;
+-------------------------------------------------+----------------------------------------------------------------------------+----------------+
; Parameter Name                                  ; Value                                                                      ; Type           ;
+-------------------------------------------------+----------------------------------------------------------------------------+----------------+
; lpm_type                                        ; sld_signaltap                                                              ; String         ;
; sld_node_info                                   ; 805334528                                                                  ; Untyped        ;
; SLD_SECTION_ID                                  ; hdl_signaltap_0                                                            ; String         ;
; SLD_IP_VERSION                                  ; 6                                                                          ; Signed Integer ;
; SLD_IP_MINOR_VERSION                            ; 0                                                                          ; Signed Integer ;
; SLD_COMMON_IP_VERSION                           ; 0                                                                          ; Signed Integer ;
; sld_data_bits                                   ; 5                                                                          ; Untyped        ;
; sld_trigger_bits                                ; 5                                                                          ; Untyped        ;
; SLD_NODE_CRC_BITS                               ; 32                                                                         ; Signed Integer ;
; SLD_NODE_CRC_HIWORD                             ; 41394                                                                      ; Signed Integer ;
; SLD_NODE_CRC_LOWORD                             ; 50132                                                                      ; Signed Integer ;
; sld_incremental_routing                         ; 1                                                                          ; Untyped        ;
; sld_sample_depth                                ; 32768                                                                      ; Untyped        ;
; sld_segment_size                                ; 32768                                                                      ; Untyped        ;
; sld_ram_block_type                              ; AUTO                                                                       ; Untyped        ;
; sld_state_bits                                  ; 11                                                                         ; Untyped        ;
; sld_buffer_full_stop                            ; 1                                                                          ; Untyped        ;
; SLD_MEM_ADDRESS_BITS                            ; 7                                                                          ; Signed Integer ;
; SLD_DATA_BIT_CNTR_BITS                          ; 4                                                                          ; Signed Integer ;
; sld_trigger_level                               ; 3                                                                          ; Untyped        ;
; sld_trigger_in_enabled                          ; 0                                                                          ; Untyped        ;
; SLD_HPS_TRIGGER_IN_ENABLED                      ; 0                                                                          ; Signed Integer ;
; SLD_HPS_TRIGGER_OUT_ENABLED                     ; 0                                                                          ; Signed Integer ;
; SLD_HPS_EVENT_ENABLED                           ; 0                                                                          ; Signed Integer ;
; SLD_HPS_EVENT_ID                                ; 0                                                                          ; Signed Integer ;
; sld_advanced_trigger_entity                     ; basic,1,basic,1,basic,1,                                                   ; Untyped        ;
; sld_trigger_level_pipeline                      ; 1                                                                          ; Untyped        ;
; sld_trigger_pipeline                            ; 0                                                                          ; Untyped        ;
; sld_ram_pipeline                                ; 0                                                                          ; Untyped        ;
; sld_counter_pipeline                            ; 0                                                                          ; Untyped        ;
; sld_enable_advanced_trigger                     ; 0                                                                          ; Untyped        ;
; SLD_ADVANCED_TRIGGER_1                          ; NONE                                                                       ; String         ;
; SLD_ADVANCED_TRIGGER_2                          ; NONE                                                                       ; String         ;
; SLD_ADVANCED_TRIGGER_3                          ; NONE                                                                       ; String         ;
; SLD_ADVANCED_TRIGGER_4                          ; NONE                                                                       ; String         ;
; SLD_ADVANCED_TRIGGER_5                          ; NONE                                                                       ; String         ;
; SLD_ADVANCED_TRIGGER_6                          ; NONE                                                                       ; String         ;
; SLD_ADVANCED_TRIGGER_7                          ; NONE                                                                       ; String         ;
; SLD_ADVANCED_TRIGGER_8                          ; NONE                                                                       ; String         ;
; SLD_ADVANCED_TRIGGER_9                          ; NONE                                                                       ; String         ;
; SLD_ADVANCED_TRIGGER_10                         ; NONE                                                                       ; String         ;
; sld_inversion_mask_length                       ; 74                                                                         ; Untyped        ;
; sld_inversion_mask                              ; 00000000000000000000000000000000000000000000000000000000000000000000000000 ; Untyped        ;
; sld_power_up_trigger                            ; 0                                                                          ; Untyped        ;
; SLD_STATE_FLOW_MGR_ENTITY                       ; state_flow_mgr_entity.vhd                                                  ; String         ;
; sld_state_flow_use_generated                    ; 0                                                                          ; Untyped        ;
; sld_current_resource_width                      ; 1                                                                          ; Untyped        ;
; sld_attribute_mem_mode                          ; OFF                                                                        ; Untyped        ;
; sld_storage_qualifier_bits                      ; 5                                                                          ; Untyped        ;
; SLD_STORAGE_QUALIFIER_GAP_RECORD                ; 0                                                                          ; Signed Integer ;
; SLD_STORAGE_QUALIFIER_MODE                      ; OFF                                                                        ; String         ;
; SLD_STORAGE_QUALIFIER_ENABLE_ADVANCED_CONDITION ; 0                                                                          ; Signed Integer ;
; sld_storage_qualifier_inversion_mask_length     ; 0                                                                          ; Untyped        ;
; SLD_STORAGE_QUALIFIER_ADVANCED_CONDITION_ENTITY ; basic                                                                      ; String         ;
; SLD_STORAGE_QUALIFIER_PIPELINE                  ; 0                                                                          ; Signed Integer ;
; SLD_CREATE_MONITOR_INTERFACE                    ; 0                                                                          ; Signed Integer ;
; SLD_USE_JTAG_SIGNAL_ADAPTER                     ; 1                                                                          ; Signed Integer ;
+-------------------------------------------------+----------------------------------------------------------------------------+----------------+
Note: In order to hide this table in the UI and the text report file, please set the "Show Parameter Settings in Synthesis Report" option in "Analysis and Synthesis Settings -> More Settings" to "Off".


+---------------------------------------------------------------------------------------------------------------------------+
; Analysis & Elaboration Settings                                                                                           ;
+---------------------------------------------------------------------------------+--------------------+--------------------+
; Option                                                                          ; Setting            ; Default Value      ;
+---------------------------------------------------------------------------------+--------------------+--------------------+
; Device                                                                          ; 5CGXFC7C7F23C8     ;                    ;
; Top-level entity name                                                           ; DE0_CV             ; DE0_CV             ;
; Family name                                                                     ; Cyclone V          ; Cyclone V          ;
; Use smart compilation                                                           ; Off                ; Off                ;
; Enable parallel Assembler and Timing Analyzer during compilation                ; On                 ; On                 ;
; Enable compact report table                                                     ; Off                ; Off                ;
; Restructure Multiplexers                                                        ; Auto               ; Auto               ;
; MLAB Add Timing Constraints For Mixed-Port Feed-Through Mode Setting Don't Care ; Off                ; Off                ;
; Create Debugging Nodes for IP Cores                                             ; Off                ; Off                ;
; Preserve fewer node names                                                       ; On                 ; On                 ;
; Intel FPGA IP Evaluation Mode                                                   ; Enable             ; Enable             ;
; Verilog Version                                                                 ; Verilog_2001       ; Verilog_2001       ;
; VHDL Version                                                                    ; VHDL_1993          ; VHDL_1993          ;
; State Machine Processing                                                        ; Auto               ; Auto               ;
; Safe State Machine                                                              ; Off                ; Off                ;
; Extract Verilog State Machines                                                  ; On                 ; On                 ;
; Extract VHDL State Machines                                                     ; On                 ; On                 ;
; Ignore Verilog initial constructs                                               ; Off                ; Off                ;
; Iteration limit for constant Verilog loops                                      ; 5000               ; 5000               ;
; Iteration limit for non-constant Verilog loops                                  ; 250                ; 250                ;
; Add Pass-Through Logic to Inferred RAMs                                         ; On                 ; On                 ;
; Infer RAMs from Raw Logic                                                       ; On                 ; On                 ;
; Parallel Synthesis                                                              ; On                 ; On                 ;
; DSP Block Balancing                                                             ; Auto               ; Auto               ;
; NOT Gate Push-Back                                                              ; On                 ; On                 ;
; Power-Up Don't Care                                                             ; On                 ; On                 ;
; Remove Redundant Logic Cells                                                    ; Off                ; Off                ;
; Remove Duplicate Registers                                                      ; On                 ; On                 ;
; Ignore CARRY Buffers                                                            ; Off                ; Off                ;
; Ignore CASCADE Buffers                                                          ; Off                ; Off                ;
; Ignore GLOBAL Buffers                                                           ; Off                ; Off                ;
; Ignore ROW GLOBAL Buffers                                                       ; Off                ; Off                ;
; Ignore LCELL Buffers                                                            ; Off                ; Off                ;
; Ignore SOFT Buffers                                                             ; On                 ; On                 ;
; Limit AHDL Integers to 32 Bits                                                  ; Off                ; Off                ;
; Optimization Technique                                                          ; Balanced           ; Balanced           ;
; Carry Chain Length                                                              ; 70                 ; 70                 ;
; Auto Carry Chains                                                               ; On                 ; On                 ;
; Auto Open-Drain Pins                                                            ; On                 ; On                 ;
; Perform WYSIWYG Primitive Resynthesis                                           ; Off                ; Off                ;
; Auto ROM Replacement                                                            ; On                 ; On                 ;
; Auto RAM Replacement                                                            ; On                 ; On                 ;
; Auto DSP Block Replacement                                                      ; On                 ; On                 ;
; Auto Shift Register Replacement                                                 ; Auto               ; Auto               ;
; Allow Shift Register Merging across Hierarchies                                 ; Auto               ; Auto               ;
; Auto Clock Enable Replacement                                                   ; On                 ; On                 ;
; Strict RAM Replacement                                                          ; Off                ; Off                ;
; Allow Synchronous Control Signals                                               ; On                 ; On                 ;
; Force Use of Synchronous Clear Signals                                          ; Off                ; Off                ;
; Auto Resource Sharing                                                           ; Off                ; Off                ;
; Allow Any RAM Size For Recognition                                              ; Off                ; Off                ;
; Allow Any ROM Size For Recognition                                              ; Off                ; Off                ;
; Allow Any Shift Register Size For Recognition                                   ; Off                ; Off                ;
; Use LogicLock Constraints during Resource Balancing                             ; On                 ; On                 ;
; Ignore translate_off and synthesis_off directives                               ; Off                ; Off                ;
; Timing-Driven Synthesis                                                         ; On                 ; On                 ;
; Report Parameter Settings                                                       ; On                 ; On                 ;
; Report Source Assignments                                                       ; On                 ; On                 ;
; Report Connectivity Checks                                                      ; On                 ; On                 ;
; Ignore Maximum Fan-Out Assignments                                              ; Off                ; Off                ;
; Synchronization Register Chain Length                                           ; 3                  ; 3                  ;
; Power Optimization During Synthesis                                             ; Normal compilation ; Normal compilation ;
; HDL message level                                                               ; Level2             ; Level2             ;
; Suppress Register Optimization Related Messages                                 ; Off                ; Off                ;
; Number of Removed Registers Reported in Synthesis Report                        ; 5000               ; 5000               ;
; Number of Swept Nodes Reported in Synthesis Report                              ; 5000               ; 5000               ;
; Number of Inverted Registers Reported in Synthesis Report                       ; 100                ; 100                ;
; Clock MUX Protection                                                            ; On                 ; On                 ;
; Auto Gated Clock Conversion                                                     ; Off                ; Off                ;
; Block Design Naming                                                             ; Auto               ; Auto               ;
; SDC constraint protection                                                       ; Off                ; Off                ;
; Synthesis Effort                                                                ; Auto               ; Auto               ;
; Shift Register Replacement - Allow Asynchronous Clear Signal                    ; On                 ; On                 ;
; Pre-Mapping Resynthesis Optimization                                            ; Off                ; Off                ;
; Analysis & Synthesis Message Level                                              ; Medium             ; Medium             ;
; Disable Register Merging Across Hierarchies                                     ; Auto               ; Auto               ;
; Resource Aware Inference For Block RAM                                          ; On                 ; On                 ;
; Automatic Parallel Synthesis                                                    ; On                 ; On                 ;
; Partial Reconfiguration Bitstream ID                                            ; Off                ; Off                ;
+---------------------------------------------------------------------------------+--------------------+--------------------+


+----------------------------------------------------------------------------------------------------------------+
; Port Connectivity Checks: "handshaking:handshaking_test"                                                       ;
+------+--------+----------+-------------------------------------------------------------------------------------+
; Port ; Type   ; Severity ; Details                                                                             ;
+------+--------+----------+-------------------------------------------------------------------------------------+
; c1   ; Output ; Info     ; Connected to dangling logic. Logic that only feeds a dangling port will be removed. ;
; c2   ; Output ; Info     ; Connected to dangling logic. Logic that only feeds a dangling port will be removed. ;
+------+--------+----------+-------------------------------------------------------------------------------------+


+-------------------------------------------------------+
; Port Connectivity Checks: "pll:pll"                   ;
+----------+--------+----------+------------------------+
; Port     ; Type   ; Severity ; Details                ;
+----------+--------+----------+------------------------+
; outclk_0 ; Output ; Info     ; Explicitly unconnected ;
; outclk_1 ; Output ; Info     ; Explicitly unconnected ;
; locked   ; Output ; Info     ; Explicitly unconnected ;
+----------+--------+----------+------------------------+


+-------------------------------------------------------------------------------------------------------------------------------------------------------------------------------------------------------------------------------------------------------------------------+
; Signal Tap Logic Analyzer Settings                                                                                                                                                                                                                                      ;
+----------------+------------------+---------------------+------------------+--------------+----------+------------------------+----------------------+--------------------+-----------------------------+-----------------+------------------+--------------------------+
; Instance Index ; Instance Name    ; Trigger Input Width ; Data Input Width ; Sample Depth ; Segments ; Storage Qualifier Type ; Trigger Flow Control ; Trigger Conditions ; Advanced Trigger Conditions ; Trigger In Used ; Trigger Out Used ; Power-Up Trigger Enabled ;
+----------------+------------------+---------------------+------------------+--------------+----------+------------------------+----------------------+--------------------+-----------------------------+-----------------+------------------+--------------------------+
; 0              ; auto_signaltap_0 ; 5                   ; 5                ; 32768        ; 1        ; continuous             ; sequential           ; 3                  ; 0                           ; no              ; no               ; no                       ;
+----------------+------------------+---------------------+------------------+--------------+----------+------------------------+----------------------+--------------------+-----------------------------+-----------------+------------------+--------------------------+


+---------------------------------+
; Analysis & Elaboration Messages ;
+---------------------------------+
Info: *******************************************************************
Info: Running Quartus Prime Analysis & Elaboration
    Info: Version 19.1.0 Build 670 09/22/2019 SJ Lite Edition
    Info: Processing started: Mon Mar 20 18:39:06 2023
Info: Command: quartus_map --read_settings_files=on --write_settings_files=off DE0_CV -c DE0_CV --analysis_and_elaboration
Warning (18236): Number of processors has not been specified which may cause overloading on shared machines.  Set the global assignment NUM_PARALLEL_PROCESSORS in your QSF to an appropriate value for best performance.
Info (20030): Parallel compilation is enabled and will use 4 of the 4 processors detected
Info (12021): Found 1 design units, including 1 entities, in source file design/handshaking.sv
    Info (12023): Found entity 1: handshaking File: D:/code/sv_project/LAB3/LAB3_1/design/handshaking.sv Line: 3
Info (12021): Found 1 design units, including 1 entities, in source file design/de0_cv.sv
    Info (12023): Found entity 1: DE0_CV File: D:/code/sv_project/LAB3/LAB3_1/design/DE0_CV.sv Line: 6
Info (12021): Found 1 design units, including 1 entities, in source file design/sub_4bit.sv
    Info (12023): Found entity 1: sub_4bit File: D:/code/sv_project/LAB3/LAB3_1/design/sub_4bit.sv Line: 3
Info (12021): Found 1 design units, including 1 entities, in source file pll.v
    Info (12023): Found entity 1: pll File: D:/code/sv_project/LAB3/LAB3_1/pll.v Line: 8
Info (12021): Found 1 design units, including 1 entities, in source file pll/pll_0002.v
    Info (12023): Found entity 1: pll_0002 File: D:/code/sv_project/LAB3/LAB3_1/pll/pll_0002.v Line: 2
Info (12127): Elaborating entity "DE0_CV" for the top level hierarchy
Warning (10034): Output port "DRAM_ADDR" at DE0_CV.sv(15) has no driver File: D:/code/sv_project/LAB3/LAB3_1/design/DE0_CV.sv Line: 15
Warning (10034): Output port "DRAM_BA" at DE0_CV.sv(16) has no driver File: D:/code/sv_project/LAB3/LAB3_1/design/DE0_CV.sv Line: 16
Warning (10034): Output port "HEX0" at DE0_CV.sv(28) has no driver File: D:/code/sv_project/LAB3/LAB3_1/design/DE0_CV.sv Line: 28
Warning (10034): Output port "HEX1" at DE0_CV.sv(29) has no driver File: D:/code/sv_project/LAB3/LAB3_1/design/DE0_CV.sv Line: 29
Warning (10034): Output port "HEX2" at DE0_CV.sv(30) has no driver File: D:/code/sv_project/LAB3/LAB3_1/design/DE0_CV.sv Line: 30
Warning (10034): Output port "HEX3" at DE0_CV.sv(31) has no driver File: D:/code/sv_project/LAB3/LAB3_1/design/DE0_CV.sv Line: 31
Warning (10034): Output port "HEX4" at DE0_CV.sv(32) has no driver File: D:/code/sv_project/LAB3/LAB3_1/design/DE0_CV.sv Line: 32
Warning (10034): Output port "HEX5" at DE0_CV.sv(33) has no driver File: D:/code/sv_project/LAB3/LAB3_1/design/DE0_CV.sv Line: 33
Warning (10034): Output port "LEDR" at DE0_CV.sv(40) has no driver File: D:/code/sv_project/LAB3/LAB3_1/design/DE0_CV.sv Line: 40
Warning (10034): Output port "VGA_B" at DE0_CV.sv(57) has no driver File: D:/code/sv_project/LAB3/LAB3_1/design/DE0_CV.sv Line: 57
Warning (10034): Output port "VGA_G" at DE0_CV.sv(58) has no driver File: D:/code/sv_project/LAB3/LAB3_1/design/DE0_CV.sv Line: 58
Warning (10034): Output port "VGA_R" at DE0_CV.sv(60) has no driver File: D:/code/sv_project/LAB3/LAB3_1/design/DE0_CV.sv Line: 60
Warning (10034): Output port "DRAM_CAS_N" at DE0_CV.sv(17) has no driver File: D:/code/sv_project/LAB3/LAB3_1/design/DE0_CV.sv Line: 17
Warning (10034): Output port "DRAM_CKE" at DE0_CV.sv(18) has no driver File: D:/code/sv_project/LAB3/LAB3_1/design/DE0_CV.sv Line: 18
Warning (10034): Output port "DRAM_CLK" at DE0_CV.sv(19) has no driver File: D:/code/sv_project/LAB3/LAB3_1/design/DE0_CV.sv Line: 19
Warning (10034): Output port "DRAM_CS_N" at DE0_CV.sv(20) has no driver File: D:/code/sv_project/LAB3/LAB3_1/design/DE0_CV.sv Line: 20
Warning (10034): Output port "DRAM_LDQM" at DE0_CV.sv(22) has no driver File: D:/code/sv_project/LAB3/LAB3_1/design/DE0_CV.sv Line: 22
Warning (10034): Output port "DRAM_RAS_N" at DE0_CV.sv(23) has no driver File: D:/code/sv_project/LAB3/LAB3_1/design/DE0_CV.sv Line: 23
Warning (10034): Output port "DRAM_UDQM" at DE0_CV.sv(24) has no driver File: D:/code/sv_project/LAB3/LAB3_1/design/DE0_CV.sv Line: 24
Warning (10034): Output port "DRAM_WE_N" at DE0_CV.sv(25) has no driver File: D:/code/sv_project/LAB3/LAB3_1/design/DE0_CV.sv Line: 25
Warning (10034): Output port "SD_CLK" at DE0_CV.sv(49) has no driver File: D:/code/sv_project/LAB3/LAB3_1/design/DE0_CV.sv Line: 49
Warning (10034): Output port "VGA_HS" at DE0_CV.sv(59) has no driver File: D:/code/sv_project/LAB3/LAB3_1/design/DE0_CV.sv Line: 59
Warning (10034): Output port "VGA_VS" at DE0_CV.sv(61) has no driver File: D:/code/sv_project/LAB3/LAB3_1/design/DE0_CV.sv Line: 61
Info (12128): Elaborating entity "pll" for hierarchy "pll:pll" File: D:/code/sv_project/LAB3/LAB3_1/design/DE0_CV.sv Line: 90
Info (12128): Elaborating entity "pll_0002" for hierarchy "pll:pll|pll_0002:pll_inst" File: D:/code/sv_project/LAB3/LAB3_1/pll.v Line: 22
Info (12128): Elaborating entity "altera_pll" for hierarchy "pll:pll|pll_0002:pll_inst|altera_pll:altera_pll_i" File: D:/code/sv_project/LAB3/LAB3_1/pll/pll_0002.v Line: 88
Info (10008): Verilog HDL or VHDL information: EDA Netlist Writer cannot regroup multidimensional array "wire_to_nowhere_64" into its bus
Info (12130): Elaborated megafunction instantiation "pll:pll|pll_0002:pll_inst|altera_pll:altera_pll_i" File: D:/code/sv_project/LAB3/LAB3_1/pll/pll_0002.v Line: 88
Info (12133): Instantiated megafunction "pll:pll|pll_0002:pll_inst|altera_pll:altera_pll_i" with the following parameter: File: D:/code/sv_project/LAB3/LAB3_1/pll/pll_0002.v Line: 88
    Info (12134): Parameter "fractional_vco_multiplier" = "false"
    Info (12134): Parameter "reference_clock_frequency" = "50.0 MHz"
    Info (12134): Parameter "operation_mode" = "direct"
    Info (12134): Parameter "number_of_clocks" = "2"
    Info (12134): Parameter "output_clock_frequency0" = "100.000000 MHz"
    Info (12134): Parameter "phase_shift0" = "0 ps"
    Info (12134): Parameter "duty_cycle0" = "50"
    Info (12134): Parameter "output_clock_frequency1" = "10.000000 MHz"
    Info (12134): Parameter "phase_shift1" = "0 ps"
    Info (12134): Parameter "duty_cycle1" = "50"
    Info (12134): Parameter "output_clock_frequency2" = "0 MHz"
    Info (12134): Parameter "phase_shift2" = "0 ps"
    Info (12134): Parameter "duty_cycle2" = "50"
    Info (12134): Parameter "output_clock_frequency3" = "0 MHz"
    Info (12134): Parameter "phase_shift3" = "0 ps"
    Info (12134): Parameter "duty_cycle3" = "50"
    Info (12134): Parameter "output_clock_frequency4" = "0 MHz"
    Info (12134): Parameter "phase_shift4" = "0 ps"
    Info (12134): Parameter "duty_cycle4" = "50"
    Info (12134): Parameter "output_clock_frequency5" = "0 MHz"
    Info (12134): Parameter "phase_shift5" = "0 ps"
    Info (12134): Parameter "duty_cycle5" = "50"
    Info (12134): Parameter "output_clock_frequency6" = "0 MHz"
    Info (12134): Parameter "phase_shift6" = "0 ps"
    Info (12134): Parameter "duty_cycle6" = "50"
    Info (12134): Parameter "output_clock_frequency7" = "0 MHz"
    Info (12134): Parameter "phase_shift7" = "0 ps"
    Info (12134): Parameter "duty_cycle7" = "50"
    Info (12134): Parameter "output_clock_frequency8" = "0 MHz"
    Info (12134): Parameter "phase_shift8" = "0 ps"
    Info (12134): Parameter "duty_cycle8" = "50"
    Info (12134): Parameter "output_clock_frequency9" = "0 MHz"
    Info (12134): Parameter "phase_shift9" = "0 ps"
    Info (12134): Parameter "duty_cycle9" = "50"
    Info (12134): Parameter "output_clock_frequency10" = "0 MHz"
    Info (12134): Parameter "phase_shift10" = "0 ps"
    Info (12134): Parameter "duty_cycle10" = "50"
    Info (12134): Parameter "output_clock_frequency11" = "0 MHz"
    Info (12134): Parameter "phase_shift11" = "0 ps"
    Info (12134): Parameter "duty_cycle11" = "50"
    Info (12134): Parameter "output_clock_frequency12" = "0 MHz"
    Info (12134): Parameter "phase_shift12" = "0 ps"
    Info (12134): Parameter "duty_cycle12" = "50"
    Info (12134): Parameter "output_clock_frequency13" = "0 MHz"
    Info (12134): Parameter "phase_shift13" = "0 ps"
    Info (12134): Parameter "duty_cycle13" = "50"
    Info (12134): Parameter "output_clock_frequency14" = "0 MHz"
    Info (12134): Parameter "phase_shift14" = "0 ps"
    Info (12134): Parameter "duty_cycle14" = "50"
    Info (12134): Parameter "output_clock_frequency15" = "0 MHz"
    Info (12134): Parameter "phase_shift15" = "0 ps"
    Info (12134): Parameter "duty_cycle15" = "50"
    Info (12134): Parameter "output_clock_frequency16" = "0 MHz"
    Info (12134): Parameter "phase_shift16" = "0 ps"
    Info (12134): Parameter "duty_cycle16" = "50"
    Info (12134): Parameter "output_clock_frequency17" = "0 MHz"
    Info (12134): Parameter "phase_shift17" = "0 ps"
    Info (12134): Parameter "duty_cycle17" = "50"
    Info (12134): Parameter "pll_type" = "General"
    Info (12134): Parameter "pll_subtype" = "General"
Info (12128): Elaborating entity "handshaking" for hierarchy "handshaking:handshaking_test" File: D:/code/sv_project/LAB3/LAB3_1/design/DE0_CV.sv Line: 100
Warning (10958): SystemVerilog warning at handshaking.sv(27): unique or priority keyword makes case statement complete File: D:/code/sv_project/LAB3/LAB3_1/design/handshaking.sv Line: 27
Warning (10958): SystemVerilog warning at handshaking.sv(67): unique or priority keyword makes case statement complete File: D:/code/sv_project/LAB3/LAB3_1/design/handshaking.sv Line: 67
Info (12021): Found 1 design units, including 1 entities, in source file db/altsyncram_ci84.tdf
    Info (12023): Found entity 1: altsyncram_ci84 File: D:/code/sv_project/LAB3/LAB3_1/db/altsyncram_ci84.tdf Line: 32
Info (12021): Found 1 design units, including 1 entities, in source file db/decode_8la.tdf
    Info (12023): Found entity 1: decode_8la File: D:/code/sv_project/LAB3/LAB3_1/db/decode_8la.tdf Line: 23
Info (12021): Found 1 design units, including 1 entities, in source file db/mux_lfb.tdf
    Info (12023): Found entity 1: mux_lfb File: D:/code/sv_project/LAB3/LAB3_1/db/mux_lfb.tdf Line: 23
Info (12021): Found 1 design units, including 1 entities, in source file db/mux_clc.tdf
    Info (12023): Found entity 1: mux_clc File: D:/code/sv_project/LAB3/LAB3_1/db/mux_clc.tdf Line: 23
Info (12021): Found 1 design units, including 1 entities, in source file db/decode_vnf.tdf
    Info (12023): Found entity 1: decode_vnf File: D:/code/sv_project/LAB3/LAB3_1/db/decode_vnf.tdf Line: 23
Info (12021): Found 1 design units, including 1 entities, in source file db/cntr_e7i.tdf
    Info (12023): Found entity 1: cntr_e7i File: D:/code/sv_project/LAB3/LAB3_1/db/cntr_e7i.tdf Line: 28
Info (12021): Found 1 design units, including 1 entities, in source file db/cmpr_b9c.tdf
    Info (12023): Found entity 1: cmpr_b9c File: D:/code/sv_project/LAB3/LAB3_1/db/cmpr_b9c.tdf Line: 23
Info (12021): Found 1 design units, including 1 entities, in source file db/cntr_24j.tdf
    Info (12023): Found entity 1: cntr_24j File: D:/code/sv_project/LAB3/LAB3_1/db/cntr_24j.tdf Line: 26
Info (12021): Found 1 design units, including 1 entities, in source file db/cntr_v8i.tdf
    Info (12023): Found entity 1: cntr_v8i File: D:/code/sv_project/LAB3/LAB3_1/db/cntr_v8i.tdf Line: 28
Info (12021): Found 1 design units, including 1 entities, in source file db/cmpr_d9c.tdf
    Info (12023): Found entity 1: cmpr_d9c File: D:/code/sv_project/LAB3/LAB3_1/db/cmpr_d9c.tdf Line: 23
Info (12021): Found 1 design units, including 1 entities, in source file db/cntr_kri.tdf
    Info (12023): Found entity 1: cntr_kri File: D:/code/sv_project/LAB3/LAB3_1/db/cntr_kri.tdf Line: 28
Info (12021): Found 1 design units, including 1 entities, in source file db/cmpr_99c.tdf
    Info (12023): Found entity 1: cmpr_99c File: D:/code/sv_project/LAB3/LAB3_1/db/cmpr_99c.tdf Line: 23
Info (12033): Analysis and Synthesis generated Signal Tap or debug node instance "auto_signaltap_0"
Info (11170): Starting IP generation for the debug fabric: alt_sld_fab.
Info (11172): 2023.03.20.18:39:24 Progress: Loading slde51157c7/alt_sld_fab_wrapper_hw.tcl
Info (11172): Alt_sld_fab.alt_sld_fab: SLD fabric agents which did not specify prefer_host were connected to JTAG
Info (11172): Alt_sld_fab: Generating alt_sld_fab "alt_sld_fab" for QUARTUS_SYNTH
Info (11172): Alt_sld_fab: "alt_sld_fab" instantiated alt_sld_fab "alt_sld_fab"
Info (11172): Presplit: "alt_sld_fab" instantiated altera_super_splitter "presplit"
Info (11172): Splitter: "alt_sld_fab" instantiated altera_sld_splitter "splitter"
Info (11172): Sldfabric: "alt_sld_fab" instantiated altera_sld_jtag_hub "sldfabric"
Info (11172): Ident: "alt_sld_fab" instantiated altera_connection_identification_hub "ident"
Info (11172): Alt_sld_fab: Done "alt_sld_fab" with 6 modules, 6 files
Info (11171): Finished IP generation for the debug fabric: alt_sld_fab.
Info (12021): Found 1 design units, including 1 entities, in source file db/ip/slde51157c7/alt_sld_fab.v
    Info (12023): Found entity 1: alt_sld_fab File: D:/code/sv_project/LAB3/LAB3_1/db/ip/slde51157c7/alt_sld_fab.v Line: 9
Info (12021): Found 1 design units, including 1 entities, in source file db/ip/slde51157c7/submodules/alt_sld_fab_alt_sld_fab.v
    Info (12023): Found entity 1: alt_sld_fab_alt_sld_fab File: D:/code/sv_project/LAB3/LAB3_1/db/ip/slde51157c7/submodules/alt_sld_fab_alt_sld_fab.v Line: 9
Info (12021): Found 1 design units, including 1 entities, in source file db/ip/slde51157c7/submodules/alt_sld_fab_alt_sld_fab_ident.sv
    Info (12023): Found entity 1: alt_sld_fab_alt_sld_fab_ident File: D:/code/sv_project/LAB3/LAB3_1/db/ip/slde51157c7/submodules/alt_sld_fab_alt_sld_fab_ident.sv Line: 33
Info (12021): Found 1 design units, including 1 entities, in source file db/ip/slde51157c7/submodules/alt_sld_fab_alt_sld_fab_presplit.sv
    Info (12023): Found entity 1: alt_sld_fab_alt_sld_fab_presplit File: D:/code/sv_project/LAB3/LAB3_1/db/ip/slde51157c7/submodules/alt_sld_fab_alt_sld_fab_presplit.sv Line: 3
Info (12021): Found 2 design units, including 1 entities, in source file db/ip/slde51157c7/submodules/alt_sld_fab_alt_sld_fab_sldfabric.vhd
    Info (12022): Found design unit 1: alt_sld_fab_alt_sld_fab_sldfabric-rtl File: D:/code/sv_project/LAB3/LAB3_1/db/ip/slde51157c7/submodules/alt_sld_fab_alt_sld_fab_sldfabric.vhd Line: 102
    Info (12023): Found entity 1: alt_sld_fab_alt_sld_fab_sldfabric File: D:/code/sv_project/LAB3/LAB3_1/db/ip/slde51157c7/submodules/alt_sld_fab_alt_sld_fab_sldfabric.vhd Line: 11
Info (12021): Found 1 design units, including 1 entities, in source file db/ip/slde51157c7/submodules/alt_sld_fab_alt_sld_fab_splitter.sv
    Info (12023): Found entity 1: alt_sld_fab_alt_sld_fab_splitter File: D:/code/sv_project/LAB3/LAB3_1/db/ip/slde51157c7/submodules/alt_sld_fab_alt_sld_fab_splitter.sv Line: 3
Info: Quartus Prime Analysis & Elaboration was successful. 0 errors, 26 warnings
    Info: Peak virtual memory: 4881 megabytes
    Info: Processing ended: Mon Mar 20 18:39:33 2023
    Info: Elapsed time: 00:00:27
    Info: Total CPU time (on all processors): 00:00:43


